<?xml version="1.0" encoding="UTF-8" ?>
<testsuite errors="0" failures="0" hostname="lieb-PC" name="FunTestSuite" skipped="0" tests="58" time="0.611" timestamp="2014-02-25T13:30:23">
  <properties>
[...]
</properties>
  <testcase classname="com.funambol.syncml.spds.DevInfExchangeTest" name="testPutDevInf" time="0.068" />
  <testcase classname="com.funambol.syncml.spds.DevInfExchangeTest" name="testGetDevInf" time="0.026" />
  <testcase classname="com.funambol.syncml.spds.SyncMLParserTest" name="testRoundTripXml" time="0.039" />
  <testcase classname="com.funambol.syncml.spds.SyncMLParserTest" name="testSkipUnknownSubTree" time="0.0" />
  <testcase classname="com.funambol.syncml.spds.SyncMLSourceConfigTest" name="testSerializeDeserialize" time="0.041" />
  <testcase classname="com.funambol.syncml.spds.SyncManagerAuthTest" name="testAuthentication_BASIC_OK" time="0.018" />
  <testcase classname="com.funambol.syncml.spds.SyncManagerAuthTest" name="testAuthentication_BASIC_KO" time="0.008" />
  <testcase classname="com.funambol.syncml.spds.SyncManagerAuthTest" name="testAuthentication_BASIC_KO_TO_MD5" time="0.02" />
  <testcase classname="com.funambol.syncml.spds.SyncManagerAuthTest" name="testAuthentication_BASIC_KO_TO_MD5_KO" time="0.018" />
  <testcase classname="com.funambol.syncml.spds.SyncManagerAuthTest" name="testAuthentication_BASIC_KO_TO_MD5_NOT_ALLOWED" time="0.008" />
  <testcase classname="com.funambol.syncml.spds.SyncManagerAuthTest" name="testAuthentication_MD5_OK" time="0.011" />
  <testcase classname="com.funambol.syncml.spds.SyncManagerAuthTest" name="testAuthentication_MD5_KO" time="0.007" />
  <testcase classname="com.funambol.syncml.spds.SyncManagerAuthTest" name="testAuthentication_MD5_KO_NEW_NONCE" time="0.013" />
  <testcase classname="com.funambol.syncml.spds.SyncManagerAuthTest" name="testAuthentication_MD5_KO_TO_BASIC" time="0.012" />
  <testcase classname="com.funambol.syncml.spds.SyncManagerAuthTest" name="testAuthentication_MD5_KO_TO_BASIC_KO" time="0.009" />
  <testcase classname="com.funambol.syncml.spds.SyncManagerAuthTest" name="testAuthentication_MD5_KO_TO_BASIC_NOT_ALLOWED" time="0.014" />
  <testcase classname="com.funambol.syncml.spds.SyncManagerDevInfTest" name="testSendDevInfOnlyDuringFirstSync" time="0.039" />
  <testcase classname="com.funambol.syncml.spds.SyncManagerDevInfTest" name="testSendDevInfEveryTimeWithANormalSyncSource" time="0.019" />
  <testcase classname="com.funambol.syncml.spds.SyncManagerDevInfTest" name="testSendDevInfWhenForced" time="0.019" />
  <testcase classname="com.funambol.syncml.spds.SyncManagerDevInfTest" name="testSendDevInfWhenServerDoesNotAcceptThem" time="0.038" />
  <testcase classname="com.funambol.syncml.spds.SyncManagerPerfTest" name="testSyncPerformance" time="0.0" />
  <testcase classname="com.funambol.syncml.spds.SyncManagerSuspendResumeTest" name="testSuspendSlow1" time="0.053" />
  <testcase classname="com.funambol.syncml.spds.SyncManagerSuspendResumeTest" name="testSuspendFast1" time="0.021" />
  <testcase classname="com.funambol.syncml.spds.SyncManagerTest" name="testNoRespInSyncHdr" time="0.0" />
  <testcase classname="com.funambol.syncml.spds.SyncManagerTest" name="testNoRespInSyncBody" time="0.0" />
  <testcase classname="com.funambol.syncml.spds.SyncManagerTest" name="testProcessSyncItemWithNoResp" time="0.0" />
  <testcase classname="com.funambol.syncml.spds.SyncManagerTest" name="testProcessSyncItem1" time="0.001" />
  <testcase classname="com.funambol.syncml.spds.SyncManagerTest" name="testProcessSyncCommandWithNoResp" time="0.0" />
  <testcase classname="com.funambol.syncml.spds.SyncManagerTest" name="testProcessSyncCommand1" time="0.0" />
  <testcase classname="com.funambol.syncml.spds.SyncManagerTest" name="testProcessInitMessageWithNoResp" time="0.0" />
  <testcase classname="com.funambol.syncml.spds.SyncSourceHandlerTest" name="testAddItem" time="0.001" />
  <testcase classname="com.funambol.syncml.spds.SyncSourceHandlerTest" name="testUpdateItem" time="0.001" />
  <testcase classname="com.funambol.syncml.spds.SyncSourceHandlerTest" name="testGetAddCommand" time="0.003" />
  <testcase classname="com.funambol.syncml.spds.SyncSourceHandlerTest" name="testGetReplaceCommand" time="0.001" />
  <testcase classname="com.funambol.syncml.spds.SyncSourceHandlerTest" name="testGetDeleteCommand" time="0.0" />
  <testcase classname="com.funambol.syncml.spds.SyncSourceHandlerTest" name="testGetNextCommand" time="0.002" />
  <testcase classname="com.funambol.syncml.spds.SyncSourceHandlerTest" name="testGetNextCommandResume1" time="0.001" />
  <testcase classname="com.funambol.syncml.spds.SyncSourceHandlerTest" name="testGetNextCommandResume2" time="0.001" />
  <testcase classname="com.funambol.syncml.spds.SyncSourceHandlerTest" name="testGetNextCommandResume3" time="0.001" />
  <testcase classname="com.funambol.syncml.spds.SyncSourceHandlerTest" name="testChunkdecoding" time="0.0" />
  <testcase classname="com.funambol.syncml.spds.SyncSourceHandlerTest" name="testTargetParent" time="0.001" />
  <testcase classname="com.funambol.syncml.spds.SyncSourceHandlerTest" name="testSourceParent" time="0.0" />
  <testcase classname="com.funambol.syncml.spds.SyncSourceHandlerTest" name="testWrongSourceParent" time="0.001" />
  <testcase classname="com.funambol.syncml.spds.SyncSourceHandlerTest" name="testCancelGetAddCommand" time="0.001" />
  <testcase classname="com.funambol.syncml.spds.SyncSourceHandlerTest" name="testCancelGetAddCommand2" time="0.001" />
  <testcase classname="com.funambol.syncml.spds.SyncSourceHandlerTest" name="testCancelGetUpdateCommand" time="0.0" />
  <testcase classname="com.funambol.syncml.spds.SyncSourceHandlerTest" name="testCancelGetUpdateCommand2" time="0.001" />
  <testcase classname="com.funambol.syncml.spds.SyncSourceHandlerTest" name="testCancelGetDeleteCommand" time="0.0" />
  <testcase classname="com.funambol.syncml.spds.SyncSourceHandlerTest" name="testCancelGetDeleteCommand2" time="0.0" />
  <testcase classname="com.funambol.syncml.spds.SyncSourceHandlerTest" name="testCancelGetNextCommand" time="0.0" />
  <testcase classname="com.funambol.syncml.spds.SyncSourceHandlerTest" name="testCancelGetNextCommand2" time="0.001" />
  <testcase classname="com.funambol.syncml.spds.SyncSourceHandlerTest" name="testGetNextCommandWithItemsLimit1" time="0.001" />
  <testcase classname="com.funambol.syncml.spds.SyncSourceHandlerTest" name="testGetNextCommandWithItemsLimit2" time="0.001" />
  <testcase classname="com.funambol.syncml.spds.SyncSourceHandlerTest" name="testGetNextCommandWithItemsLimit3" time="0.001" />
  <testcase classname="com.funambol.syncml.spds.SyncStatusTest" name="testSentItems1" time="0.0" />
  <testcase classname="com.funambol.syncml.spds.SyncStatusTest" name="testReceivedItems1" time="0.0" />
  <testcase classname="com.funambol.syncml.spds.SyncStatusTest" name="testDeleteAddSameKey" time="0.0" />
  <testcase classname="com.funambol.syncml.spds.SyncStatusTest" name="testSaveLoad1" time="0.001" />
  <system-out><![CDATA[Tue Feb 25 21:30:23 CST 2014 [INITLOG] ---------
Tue Feb 25 21:30:23 CST 2014 [INITLOG] ---------
Tue Feb 25 21:30:23 CST 2014 [INITLOG] ---------
Tue Feb 25 21:30:23 CST 2014 [INITLOG] ---------
Tue Feb 25 21:30:23 CST 2014 [INITLOG] ---------
Tue Feb 25 21:30:23 CST 2014 [INITLOG] ---------
Tue Feb 25 21:30:23 CST 2014 [INITLOG] ---------
Tue Feb 25 21:30:23 CST 2014 [INITLOG] ---------
Tue Feb 25 21:30:23 CST 2014 [INITLOG] ---------
Tue Feb 25 21:30:23 CST 2014 [INITLOG] ---------
Tue Feb 25 21:30:23 CST 2014 [INITLOG] ---------
Tue Feb 25 21:30:23 CST 2014 [INITLOG] ---------
Tue Feb 25 21:30:23 CST 2014 [INITLOG] ---------
Tue Feb 25 21:30:23 CST 2014 [INITLOG] ---------
Tue Feb 25 21:30:23 CST 2014 [INITLOG] ---------
Tue Feb 25 21:30:23 CST 2014 [INITLOG] ---------
Tue Feb 25 21:30:23 CST 2014 [INITLOG] ---------
Tue Feb 25 21:30:23 CST 2014 [INITLOG] ---------
Tue Feb 25 21:30:23 CST 2014 [INITLOG] ---------
Tue Feb 25 21:30:23 CST 2014 [INITLOG] ---------
Tue Feb 25 21:30:23 CST 2014 [INITLOG] ---------
Tue Feb 25 21:30:23 CST 2014 [INITLOG] ---------
Tue Feb 25 21:30:23 CST 2014 [INITLOG] ---------
Tue Feb 25 21:30:23 CST 2014 [INITLOG] ---------
Tue Feb 25 21:30:23 CST 2014 [INITLOG] ---------
Tue Feb 25 21:30:23 CST 2014 [INITLOG] ---------
Tue Feb 25 21:30:23 CST 2014 [INITLOG] ---------
Tue Feb 25 21:30:23 CST 2014 [DEBUG] [HttpTransportAgent] Number of writing Attempts: 3
Tue Feb 25 21:30:23 CST 2014 [DEBUG] [HttpTransportAgent] UserAgent set to: Test UA
Tue Feb 25 21:30:23 CST 2014 [DEBUG] [HttpTransportAgent] Request Url set to: http://my.funambol.com/sync
Tue Feb 25 21:30:23 CST 2014 [DEBUG] [HttpTransportAgent] Charset set to: UTF-8
Tue Feb 25 21:30:23 CST 2014 [DEBUG] [HttpTransportAgent] Threshold size set to: 0
Tue Feb 25 21:30:23 CST 2014 [DEBUG] [HttpTransportAgent] enableCompression: true
Tue Feb 25 21:30:23 CST 2014 [DEBUG] [HttpTransportAgent] responseDate: null
Tue Feb 25 21:30:23 CST 2014 [DEBUG] [HttpTransportAgent] forceCookies: false
Tue Feb 25 21:30:23 CST 2014 [DEBUG] [HttpTransportAgent] proxyConfig: null
Tue Feb 25 21:30:23 CST 2014 [DEBUG] [ConnectionManager] Creating new connection manager
Tue Feb 25 21:30:23 CST 2014 [DEBUG] [SyncManager] Using wbxml=false
Tue Feb 25 21:30:23 CST 2014 [DEBUG] [SyncManager] <SyncML>
<SyncHdr>
<VerDTD>1.2</VerDTD>
<VerProto>SyncML/1.2</VerProto>
<SessionID>1234567890</SessionID>
<MsgID>1</MsgID>
<Target>
<LocURI>http://my.funambol.com/sync</LocURI>
</Target>
<Source>
<LocURI>test-device-id</LocURI>
<LocName>test</LocName>
</Source>
<Meta>
<MaxMsgSize>65536</MaxMsgSize>
</Meta>
<Cred>
<Meta>
<Format xmlns="syncml:metinf">b64</Format>
<Type xmlns="syncml:metinf">syncml:auth-basic</Type>
</Meta>
<Data>dGVzdDp0ZXN0</Data>
</Cred>
</SyncHdr>
<SyncBody>
<Alert>
<CmdID>1</CmdID>
<Item>
<Source>
<LocURI>briefcase</LocURI>
</Source>
<Target>
<LocURI>briefcase</LocURI>
</Target>
<Meta>
<Anchor xmlns="syncml:metinf">
<Next>0</Next>
<Last>0</Last>
</Anchor>
</Meta>
</Item>
<Data>200</Data>
</Alert>
<Put>
<CmdID>2</CmdID>
<Meta>
<Type xmlns="syncml:metinf">application/vnd.syncml-devinf+xml</Type>
</Meta>
<Item>
<Source>
<LocURI>./devinf12</LocURI>
</Source>
<Data>
<DevInf xmlns="syncml:devinf">
<VerDTD>1.2</VerDTD>
<Man>test manufacturer</Man>
<Mod>test model</Mod>
<OEM></OEM>
<FwV>1.0</FwV>
<SwV>1.0</SwV>
<HwV>1.0</HwV>
<DevID>test-device-id</DevID>
<DevTyp>phone</DevTyp>
<UTC></UTC>
<SupportLargeObjs></SupportLargeObjs>
<SupportNumberOfChanges></SupportNumberOfChanges>
<DataStore>
<SourceRef>contacts</SourceRef>
<MaxGUIDSize>2</MaxGUIDSize>
<Rx-Pref>
<CTType>test/x-vcard</CTType>
<VerCT>2.1</VerCT>
</Rx-Pref>
<Tx-Pref>
<CTType>test/x-vcard</CTType>
<VerCT>2.1</VerCT>
</Tx-Pref>
<CTCap>
<CTType>test/x-vcard</CTType>
<VerCT>2.1</VerCT>
<Property>
<PropName>BEGIN</PropName>
<ValEnum>VCARD</ValEnum>
</Property>
<Property>
<PropName>END</PropName>
<ValEnum>VCARD</ValEnum>
</Property>
<Property>
<PropName>VERISON</PropName>
<ValEnum>2.1</ValEnum>
</Property>
<Property>
<PropName>TEL</PropName>
<PropParam>
<ParamName>FAX</ParamName>
</PropParam>
<PropParam>
<ParamName>HOME</ParamName>
</PropParam>
</Property>
<Property>
<PropName>TEL</PropName>
<PropParam>
<ParamName>FAX</ParamName>
</PropParam>
<PropParam>
<ParamName>WORK</ParamName>
</PropParam>
</Property>
</CTCap>
<SyncCap>
<SyncType>1</SyncType>
<SyncType>2</SyncType>
<SyncType>7</SyncType>
</SyncCap>
</DataStore>
</DevInf>
</Data>
</Item>
</Put>
<Final></Final>
</SyncBody>
</SyncML>

Tue Feb 25 21:30:23 CST 2014 [DEBUG] [HttpTransportAgent] Number of writing Attempts: 3
Tue Feb 25 21:30:23 CST 2014 [DEBUG] [HttpTransportAgent] UserAgent set to: Test UA
Tue Feb 25 21:30:23 CST 2014 [DEBUG] [HttpTransportAgent] Request Url set to: http://my.funambol.com/sync
Tue Feb 25 21:30:23 CST 2014 [DEBUG] [HttpTransportAgent] Charset set to: UTF-8
Tue Feb 25 21:30:23 CST 2014 [DEBUG] [HttpTransportAgent] Threshold size set to: 0
Tue Feb 25 21:30:23 CST 2014 [DEBUG] [HttpTransportAgent] enableCompression: true
Tue Feb 25 21:30:23 CST 2014 [DEBUG] [HttpTransportAgent] responseDate: null
Tue Feb 25 21:30:23 CST 2014 [DEBUG] [HttpTransportAgent] forceCookies: false
Tue Feb 25 21:30:23 CST 2014 [DEBUG] [HttpTransportAgent] proxyConfig: null
Tue Feb 25 21:30:23 CST 2014 [DEBUG] [SyncManager] Using wbxml=false
Tue Feb 25 21:30:23 CST 2014 [TRACE] [SyncMLParser] parse
Tue Feb 25 21:30:23 CST 2014 [DEBUG] [SyncManager] Found respURI = http://my.funambol.com/sync
Tue Feb 25 21:30:23 CST 2014 [INFO] [SyncManager] Authentication accepted by the server
Tue Feb 25 21:30:23 CST 2014 [INFO] [SyncManager] Refresh required by server.
Tue Feb 25 21:30:23 CST 2014 [DEBUG] [SyncManager] Found alert tag 201
Tue Feb 25 21:30:23 CST 2014 [TRACE] [SyncManager] Server next anchor is: 1
Tue Feb 25 21:30:23 CST 2014 [TRACE] [SyncSourceLOHandler] getNextItemHelper
Tue Feb 25 21:30:23 CST 2014 [INFO] [BaseSyncSource] Source briefcase: no items to send for slow sync
Tue Feb 25 21:30:23 CST 2014 [DEBUG] [SyncManager] state=>STATE_MODIFICATION_COMPLETED
Tue Feb 25 21:30:23 CST 2014 [DEBUG] [SyncManager] No more commands to send
Tue Feb 25 21:30:23 CST 2014 [INFO] [SyncManager] Modification done, sending <final> tag.
Tue Feb 25 21:30:23 CST 2014 [DEBUG] [SyncManager] <SyncML>
<SyncHdr>
<VerDTD>1.2</VerDTD>
<VerProto>SyncML/1.2</VerProto>
<SessionID>1234567890</SessionID>
<MsgID>1</MsgID>
<Target>
<LocURI>http://my.funambol.com/sync</LocURI>
</Target>
<Source>
<LocURI>test-device-id</LocURI>
</Source>
</SyncHdr>
<SyncBody>
<Status>
<CmdID>1</CmdID>
<MsgRef>0</MsgRef>
<CmdRef>0</CmdRef>
<Cmd>SyncHdr</Cmd>
<TargetRef>test-device-id</TargetRef>
<SourceRef>http://my.funambol.com/sync</SourceRef>
<Data>200</Data>
</Status>
<Status>
<CmdID>2</CmdID>
<MsgRef>1</MsgRef>
<CmdRef>3</CmdRef>
<Cmd>Alert</Cmd>
<TargetRef>briefcase</TargetRef>
<SourceRef>briefcase</SourceRef>
<Data>200</Data>
<Item>
<Data>
<Anchor xmlns="syncml:metinf">
<Next>1</Next>
</Anchor>
</Data>
</Item>
</Status>
<Results>
<CmdID>3</CmdID>
<MsgRef>0</MsgRef>
<CmdRef>4</CmdRef>
<Meta>
<Type xmlns="syncml:metinf">application/vnd.syncml-devinf+xml</Type>
</Meta>
<Item>
<Source>
<LocURI>./devinf12</LocURI>
</Source>
<Data>
<DevInf xmlns="syncml:devinf">
<VerDTD>1.2</VerDTD>
<Man>test manufacturer</Man>
<Mod>test model</Mod>
<OEM></OEM>
<FwV>1.0</FwV>
<SwV>1.0</SwV>
<HwV>1.0</HwV>
<DevID>test-device-id</DevID>
<DevTyp>phone</DevTyp>
<UTC></UTC>
<SupportLargeObjs></SupportLargeObjs>
<SupportNumberOfChanges></SupportNumberOfChanges>
<DataStore>
<SourceRef>contacts</SourceRef>
<MaxGUIDSize>2</MaxGUIDSize>
<Rx-Pref>
<CTType>test/x-vcard</CTType>
<VerCT>2.1</VerCT>
</Rx-Pref>
<Tx-Pref>
<CTType>test/x-vcard</CTType>
<VerCT>2.1</VerCT>
</Tx-Pref>
<CTCap>
<CTType>test/x-vcard</CTType>
<VerCT>2.1</VerCT>
<Property>
<PropName>BEGIN</PropName>
<ValEnum>VCARD</ValEnum>
</Property>
<Property>
<PropName>END</PropName>
<ValEnum>VCARD</ValEnum>
</Property>
<Property>
<PropName>VERISON</PropName>
<ValEnum>2.1</ValEnum>
</Property>
<Property>
<PropName>TEL</PropName>
<PropParam>
<ParamName>FAX</ParamName>
</PropParam>
<PropParam>
<ParamName>HOME</ParamName>
</PropParam>
</Property>
<Property>
<PropName>TEL</PropName>
<PropParam>
<ParamName>FAX</ParamName>
</PropParam>
<PropParam>
<ParamName>WORK</ParamName>
</PropParam>
</Property>
</CTCap>
<SyncCap>
<SyncType>1</SyncType>
<SyncType>2</SyncType>
<SyncType>7</SyncType>
</SyncCap>
</DataStore>
</DevInf>
</Data>
</Item>
</Results>
<Sync>
<CmdID>4</CmdID>
<Target>
<LocURI>briefcase</LocURI>
</Target>
<Source>
<LocURI>briefcase</LocURI>
</Source>
</Sync>
<Final></Final>
</SyncBody>
</SyncML>

Tue Feb 25 21:30:23 CST 2014 [INFO] [SyncMLParserTest] Starting SyncMLParser/Formatter round trip for: SyncMLParserRT0.txt
Tue Feb 25 21:30:23 CST 2014 [TRACE] [SyncMLParser] parse
Tue Feb 25 21:30:23 CST 2014 [INFO] [SyncMLParserTest] Starting SyncMLParser/Formatter round trip for: SyncMLParserRT1.txt
Tue Feb 25 21:30:23 CST 2014 [TRACE] [SyncMLParser] parse
Tue Feb 25 21:30:23 CST 2014 [INFO] [SyncMLParserTest] Starting SyncMLParser/Formatter round trip for: SyncMLParserRT2.txt
Tue Feb 25 21:30:23 CST 2014 [TRACE] [SyncMLParser] parse
Tue Feb 25 21:30:23 CST 2014 [INFO] [SyncMLParserTest] Starting SyncMLParser/Formatter round trip for: SyncMLParserRT3.txt
Tue Feb 25 21:30:23 CST 2014 [TRACE] [SyncMLParser] parse
Tue Feb 25 21:30:23 CST 2014 [INFO] [SyncMLParserTest] Starting SyncMLParser/Formatter round trip for: SyncMLParserRT4.txt
Tue Feb 25 21:30:23 CST 2014 [TRACE] [SyncMLParser] parse
Tue Feb 25 21:30:24 CST 2014 [INFO] [SyncMLParserTest] Starting SyncMLParser/Formatter round trip for: SyncMLParserRT5.txt
Tue Feb 25 21:30:24 CST 2014 [TRACE] [SyncMLParser] parse
Tue Feb 25 21:30:24 CST 2014 [INFO] [SyncMLParserTest] Starting SyncMLParser/Formatter round trip for: SyncMLParserRT6.txt
Tue Feb 25 21:30:24 CST 2014 [TRACE] [SyncMLParser] parse
Tue Feb 25 21:30:24 CST 2014 [INFO] [SyncMLParserTest] Starting SyncMLParser/Formatter round trip for: SyncMLParserRT7.txt
Tue Feb 25 21:30:24 CST 2014 [TRACE] [SyncMLParser] parse
Tue Feb 25 21:30:24 CST 2014 [TRACE] [SyncMLParser] parse
Tue Feb 25 21:30:24 CST 2014 [ERROR] [SyncMLParser] Error parsing header tag. Skipping unexpected token: UnknownTag
Tue Feb 25 21:30:24 CST 2014 [DEBUG] [SyncMLSourceConfigTest] Starting testSerializeDeserialize...
Tue Feb 25 21:30:24 CST 2014 [TRACE] [SourceConfig] Serializing briefcase
Tue Feb 25 21:30:24 CST 2014 [TRACE] [SourceConfig] Deserialized briefcase
Tue Feb 25 21:30:24 CST 2014 [DEBUG] [HttpTransportAgent] Number of writing Attempts: 3
Tue Feb 25 21:30:24 CST 2014 [DEBUG] [HttpTransportAgent] UserAgent set to: null
Tue Feb 25 21:30:24 CST 2014 [DEBUG] [HttpTransportAgent] Request Url set to: http://test.server.url
Tue Feb 25 21:30:24 CST 2014 [DEBUG] [HttpTransportAgent] Charset set to: UTF-8
Tue Feb 25 21:30:24 CST 2014 [DEBUG] [HttpTransportAgent] Threshold size set to: 0
Tue Feb 25 21:30:24 CST 2014 [DEBUG] [HttpTransportAgent] enableCompression: true
Tue Feb 25 21:30:24 CST 2014 [DEBUG] [HttpTransportAgent] responseDate: null
Tue Feb 25 21:30:24 CST 2014 [DEBUG] [HttpTransportAgent] forceCookies: false
Tue Feb 25 21:30:24 CST 2014 [DEBUG] [HttpTransportAgent] proxyConfig: null
Tue Feb 25 21:30:24 CST 2014 [DEBUG] [SyncManager] Using wbxml=false
Tue Feb 25 21:30:24 CST 2014 [INFO] [SyncManagerAuthTest] testAuthentication_BASIC_OK started
Tue Feb 25 21:30:24 CST 2014 [DEBUG] [SyncManager] Creating Mapping Manager
Tue Feb 25 21:30:24 CST 2014 [INFO] [SyncManager] Last sync was interrupted = false
Tue Feb 25 21:30:24 CST 2014 [INFO] [SyncManager] Source resume support is = false
Tue Feb 25 21:30:24 CST 2014 [INFO] [SyncManager] No sync status found for source: briefcase
Tue Feb 25 21:30:24 CST 2014 [DEBUG] [SyncManager] state=>STATE_SENDING_ADD
Tue Feb 25 21:30:24 CST 2014 [INFO] [SyncManager] Sending init message false
Tue Feb 25 21:30:24 CST 2014 [DEBUG] [SyncManager] <SyncML>
<SyncHdr>
<VerDTD>1.2</VerDTD>
<VerProto>SyncML/1.2</VerProto>
<SessionID>1393335024060</SessionID>
<MsgID>1</MsgID>
<Target>
<LocURI>http://test.server.url</LocURI>
</Target>
<Source>
<LocURI>fsc-j2me-api</LocURI>
<LocName>test</LocName>
</Source>
<Meta>
<MaxMsgSize>16384</MaxMsgSize>
</Meta>
<Cred>
<Meta>
<Format xmlns="syncml:metinf">b64</Format>
<Type xmlns="syncml:metinf">syncml:auth-basic</Type>
</Meta>
<Data>dGVzdDp0ZXN0</Data>
</Cred>
</SyncHdr>
<SyncBody>
<Alert>
<CmdID>1</CmdID>
<Item>
<Source>
<LocURI>briefcase</LocURI>
</Source>
<Target>
<LocURI>briefcase</LocURI>
</Target>
<Meta>
<Anchor xmlns="syncml:metinf">
<Next>1393335024060</Next>
<Last>0</Last>
</Anchor>
</Meta>
</Item>
<Data>200</Data>
</Alert>
<Put>
<CmdID>2</CmdID>
<Meta>
<Type xmlns="syncml:metinf">application/vnd.syncml-devinf+xml</Type>
</Meta>
<Item>
<Source>
<LocURI>./devinf12</LocURI>
</Source>
<Data>
<DevInf xmlns="syncml:devinf">
<VerDTD>1.2</VerDTD>
<Man></Man>
<Mod></Mod>
<OEM></OEM>
<FwV></FwV>
<SwV></SwV>
<HwV></HwV>
<DevID>fsc-j2me-api</DevID>
<DevTyp>phone</DevTyp>
<UTC></UTC>
<SupportLargeObjs></SupportLargeObjs>
<DataStore>
<SourceRef>briefcase</SourceRef>
<Rx-Pref>
<CTType>application/*</CTType>
</Rx-Pref>
<Tx-Pref>
<CTType>application/*</CTType>
</Tx-Pref>
<SyncCap>
<SyncType>1</SyncType>
<SyncType>2</SyncType>
<SyncType>7</SyncType>
</SyncCap>
</DataStore>
</DevInf>
</Data>
</Item>
</Put>
<Final></Final>
</SyncBody>
</SyncML>

Tue Feb 25 21:30:24 CST 2014 [TRACE] [SyncMLParser] parse
Tue Feb 25 21:30:24 CST 2014 [DEBUG] [SyncManager] <SyncML>
<SyncHdr>
<VerDTD>1.2</VerDTD>
<VerProto>SyncML/1.2</VerProto>
<SessionID>1266917419910</SessionID>
<MsgID>1</MsgID>
<Target>
<LocURI>fsc-j2me-api</LocURI>
</Target>
<Source>
<LocURI>http://test.server.url</LocURI>
</Source>
<RespURI>http://test.server.url;jsessionid=F2EA56F802D65950FAC3E37336BE1EEA.NODE01</RespURI>
</SyncHdr>
<SyncBody>
<Status>
<CmdID>1</CmdID>
<MsgRef>1</MsgRef>
<CmdRef>0</CmdRef>
<Cmd>SyncHdr</Cmd>
<TargetRef>http://test.server.url</TargetRef>
<SourceRef>fsc-j2me-api</SourceRef>
<Data>212</Data>
</Status><Status>
<CmdID>2</CmdID>
<MsgRef>1</MsgRef>
<CmdRef>1</CmdRef>
<Cmd>Alert</Cmd>
<TargetRef>briefcase</TargetRef>
<SourceRef>briefcase</SourceRef>
<Data>508</Data>
</Status>
<Status>
<CmdID>3</CmdID>
<MsgRef>1</MsgRef>
<CmdRef>2</CmdRef>
<Cmd>Put</Cmd>
<SourceRef>./devinf12</SourceRef>
<Data>200</Data>
</Status>
<Alert>
<CmdID>4</CmdID>
<Data>201</Data>
<Item>
<Target>
<LocURI>briefcase</LocURI>
</Target>
<Source>
<LocURI>briefcase</LocURI>
</Source>
<Meta>
<Anchor xmlns='syncml:metinf'>
<Last>0</Last>
<Next>0</Next>
</Anchor>
</Meta>
</Item>
</Alert>
<Final/>
</SyncBody>
</SyncML>
Tue Feb 25 21:30:24 CST 2014 [TRACE] [SyncMLParser] parse
Tue Feb 25 21:30:24 CST 2014 [DEBUG] [SyncManager] Found respURI = http://test.server.url;jsessionid=F2EA56F802D65950FAC3E37336BE1EEA.NODE01
Tue Feb 25 21:30:24 CST 2014 [INFO] [SyncManager] Authentication accepted by the server
Tue Feb 25 21:30:24 CST 2014 [INFO] [SyncManager] Refresh required by server.
Tue Feb 25 21:30:24 CST 2014 [DEBUG] [SyncManager] Found alert tag 201
Tue Feb 25 21:30:24 CST 2014 [TRACE] [SyncManager] Server next anchor is: 0
Tue Feb 25 21:30:24 CST 2014 [INFO] [SyncManager] Response received
Tue Feb 25 21:30:24 CST 2014 [DEBUG] [SyncManager] <SyncML>
<SyncHdr>
<VerDTD>1.2</VerDTD>
<VerProto>SyncML/1.2</VerProto>
<SessionID>1266917419910</SessionID>
<MsgID>1</MsgID>
<Target>
<LocURI>fsc-j2me-api</LocURI>
</Target>
<Source>
<LocURI>http://test.server.url</LocURI>
</Source>
<RespURI>http://test.server.url;jsessionid=F2EA56F802D65950FAC3E37336BE1EEA.NODE01</RespURI>
</SyncHdr>
<SyncBody>
<Status>
<CmdID>1</CmdID>
<MsgRef>1</MsgRef>
<CmdRef>0</CmdRef>
<Cmd>SyncHdr</Cmd>
<TargetRef>http://test.server.url</TargetRef>
<SourceRef>fsc-j2me-api</SourceRef>
<Data>212</Data>
</Status><Status>
<CmdID>2</CmdID>
<MsgRef>1</MsgRef>
<CmdRef>1</CmdRef>
<Cmd>Alert</Cmd>
<TargetRef>briefcase</TargetRef>
<SourceRef>briefcase</SourceRef>
<Data>508</Data>
</Status>
<Status>
<CmdID>3</CmdID>
<MsgRef>1</MsgRef>
<CmdRef>2</CmdRef>
<Cmd>Put</Cmd>
<SourceRef>./devinf12</SourceRef>
<Data>200</Data>
</Status>
<Alert>
<CmdID>4</CmdID>
<Data>201</Data>
<Item>
<Target>
<LocURI>briefcase</LocURI>
</Target>
<Source>
<LocURI>briefcase</LocURI>
</Source>
<Meta>
<Anchor xmlns='syncml:metinf'>
<Last>0</Last>
<Next>0</Next>
</Anchor>
</Meta>
</Item>
</Alert>
<Final/>
</SyncBody>
</SyncML>
Tue Feb 25 21:30:24 CST 2014 [INFO] [BaseSyncSource] Begin sync for source 'briefcase' with mode 201
Tue Feb 25 21:30:24 CST 2014 [INFO] [BaseSyncSource] Resume = false
Tue Feb 25 21:30:24 CST 2014 [TRACE] [SyncSourceLOHandler] getNextItemHelper
Tue Feb 25 21:30:24 CST 2014 [INFO] [BaseSyncSource] Source briefcase: no more items to send for slow sync
Tue Feb 25 21:30:24 CST 2014 [DEBUG] [SyncManager] state=>STATE_MODIFICATION_COMPLETED
Tue Feb 25 21:30:24 CST 2014 [DEBUG] [SyncManager] No more commands to send
Tue Feb 25 21:30:24 CST 2014 [INFO] [SyncManager] Modification done, sending <final> tag.
Tue Feb 25 21:30:24 CST 2014 [DEBUG] [SyncManager] <SyncML>
<SyncHdr>
<VerDTD>1.2</VerDTD>
<VerProto>SyncML/1.2</VerProto>
<SessionID>1393335024060</SessionID>
<MsgID>2</MsgID>
<Target>
<LocURI>http://test.server.url;jsessionid=F2EA56F802D65950FAC3E37336BE1EEA.NODE01</LocURI>
</Target>
<Source>
<LocURI>fsc-j2me-api</LocURI>
</Source>
</SyncHdr>
<SyncBody>
<Status>
<CmdID>1</CmdID>
<MsgRef>1</MsgRef>
<CmdRef>0</CmdRef>
<Cmd>SyncHdr</Cmd>
<TargetRef>fsc-j2me-api</TargetRef>
<SourceRef>http://test.server.url;jsessionid=F2EA56F802D65950FAC3E37336BE1EEA.NODE01</SourceRef>
<Data>200</Data>
</Status>
<Status>
<CmdID>2</CmdID>
<MsgRef>1</MsgRef>
<CmdRef>4</CmdRef>
<Cmd>Alert</Cmd>
<TargetRef>briefcase</TargetRef>
<SourceRef>briefcase</SourceRef>
<Data>200</Data>
<Item>
<Data>
<Anchor xmlns="syncml:metinf">
<Next>0</Next>
</Anchor>
</Data>
</Item>
</Status>
<Sync>
<CmdID>3</CmdID>
<Target>
<LocURI>briefcase</LocURI>
</Target>
<Source>
<LocURI>briefcase</LocURI>
</Source>
</Sync>
<Final></Final>
</SyncBody>
</SyncML>

Tue Feb 25 21:30:24 CST 2014 [INFO] [SyncManager] Sending modification
Tue Feb 25 21:30:24 CST 2014 [TRACE] [SyncMLParser] parse
Tue Feb 25 21:30:24 CST 2014 [ERROR] [SyncManager] SyncException(com.funambol.sync.SyncException: com.funambol.util.CodedException: com.funambol.sync.SyncException: Test Ended)
Tue Feb 25 21:30:24 CST 2014 [ERROR] com.funambol.sync.SyncException: com.funambol.util.CodedException: com.funambol.sync.SyncException: Test Ended
	at com.funambol.syncml.spds.SyncManager.postRequest(SyncManager.java:1305)
	at com.funambol.syncml.spds.SyncManager.sync(SyncManager.java:578)
	at com.funambol.syncml.spds.SyncManager.sync(SyncManager.java:305)
	at com.funambol.syncml.spds.SyncManagerAuthTest.testAuthentication_BASIC_OK(SyncManagerAuthTest.java:152)
	at sun.reflect.NativeMethodAccessorImpl.invoke0(Native Method)
	at sun.reflect.NativeMethodAccessorImpl.invoke(NativeMethodAccessorImpl.java:57)
	at sun.reflect.DelegatingMethodAccessorImpl.invoke(DelegatingMethodAccessorImpl.java:43)
	at java.lang.reflect.Method.invoke(Method.java:606)
	at junit.framework.TestCase.runTest(TestCase.java:154)
	at junit.framework.TestCase.runBare(TestCase.java:127)
	at junit.framework.TestResult$1.protect(TestResult.java:106)
	at junit.framework.TestResult.runProtected(TestResult.java:124)
	at junit.framework.TestResult.run(TestResult.java:109)
	at junit.framework.TestCase.run(TestCase.java:118)
	at junit.framework.TestSuite.runTest(TestSuite.java:208)
	at junit.framework.TestSuite.run(TestSuite.java:203)
	at org.apache.tools.ant.taskdefs.optional.junit.JUnitTestRunner.run(JUnitTestRunner.java:522)
	at org.apache.tools.ant.taskdefs.optional.junit.JUnitTestRunner.launch(JUnitTestRunner.java:1062)
	at org.apache.tools.ant.taskdefs.optional.junit.JUnitTestRunner.main(JUnitTestRunner.java:913)

Tue Feb 25 21:30:24 CST 2014 [TRACE] [SyncManager] getting listener status for 400
Tue Feb 25 21:30:24 CST 2014 [DEBUG] [SyncManager] Ending session (134)
Tue Feb 25 21:30:24 CST 2014 [TRACE] [ObjectsPool] Releasing all pool
Tue Feb 25 21:30:24 CST 2014 [INFO] [SyncManagerAuthTest] testAuthentication_BASIC_OK successfull
Tue Feb 25 21:30:24 CST 2014 [DEBUG] [HttpTransportAgent] Number of writing Attempts: 3
Tue Feb 25 21:30:24 CST 2014 [DEBUG] [HttpTransportAgent] UserAgent set to: null
Tue Feb 25 21:30:24 CST 2014 [DEBUG] [HttpTransportAgent] Request Url set to: http://test.server.url
Tue Feb 25 21:30:24 CST 2014 [DEBUG] [HttpTransportAgent] Charset set to: UTF-8
Tue Feb 25 21:30:24 CST 2014 [DEBUG] [HttpTransportAgent] Threshold size set to: 0
Tue Feb 25 21:30:24 CST 2014 [DEBUG] [HttpTransportAgent] enableCompression: true
Tue Feb 25 21:30:24 CST 2014 [DEBUG] [HttpTransportAgent] responseDate: null
Tue Feb 25 21:30:24 CST 2014 [DEBUG] [HttpTransportAgent] forceCookies: false
Tue Feb 25 21:30:24 CST 2014 [DEBUG] [HttpTransportAgent] proxyConfig: null
Tue Feb 25 21:30:24 CST 2014 [DEBUG] [SyncManager] Using wbxml=false
Tue Feb 25 21:30:24 CST 2014 [INFO] [SyncManagerAuthTest] testAuthentication_BASIC_KO started
Tue Feb 25 21:30:24 CST 2014 [DEBUG] [SyncManager] Creating Mapping Manager
Tue Feb 25 21:30:24 CST 2014 [INFO] [SyncManager] Last sync was interrupted = true
Tue Feb 25 21:30:24 CST 2014 [INFO] [SyncManager] Source resume support is = false
Tue Feb 25 21:30:24 CST 2014 [INFO] [SyncManager] No sync status found for source: briefcase
Tue Feb 25 21:30:24 CST 2014 [DEBUG] [SyncManager] state=>STATE_SENDING_ADD
Tue Feb 25 21:30:24 CST 2014 [INFO] [SyncManager] Sending init message false
Tue Feb 25 21:30:24 CST 2014 [DEBUG] [SyncManager] <SyncML>
<SyncHdr>
<VerDTD>1.2</VerDTD>
<VerProto>SyncML/1.2</VerProto>
<SessionID>1393335024077</SessionID>
<MsgID>1</MsgID>
<Target>
<LocURI>http://test.server.url</LocURI>
</Target>
<Source>
<LocURI>fsc-j2me-api</LocURI>
<LocName>test</LocName>
</Source>
<Meta>
<MaxMsgSize>16384</MaxMsgSize>
</Meta>
<Cred>
<Meta>
<Format xmlns="syncml:metinf">b64</Format>
<Type xmlns="syncml:metinf">syncml:auth-basic</Type>
</Meta>
<Data>dGVzdDp0ZXN0</Data>
</Cred>
</SyncHdr>
<SyncBody>
<Alert>
<CmdID>1</CmdID>
<Item>
<Source>
<LocURI>briefcase</LocURI>
</Source>
<Target>
<LocURI>briefcase</LocURI>
</Target>
<Meta>
<Anchor xmlns="syncml:metinf">
<Next>1393335024077</Next>
<Last>0</Last>
</Anchor>
</Meta>
</Item>
<Data>200</Data>
</Alert>
<Put>
<CmdID>2</CmdID>
<Meta>
<Type xmlns="syncml:metinf">application/vnd.syncml-devinf+xml</Type>
</Meta>
<Item>
<Source>
<LocURI>./devinf12</LocURI>
</Source>
<Data>
<DevInf xmlns="syncml:devinf">
<VerDTD>1.2</VerDTD>
<Man></Man>
<Mod></Mod>
<OEM></OEM>
<FwV></FwV>
<SwV></SwV>
<HwV></HwV>
<DevID>fsc-j2me-api</DevID>
<DevTyp>phone</DevTyp>
<UTC></UTC>
<SupportLargeObjs></SupportLargeObjs>
<DataStore>
<SourceRef>briefcase</SourceRef>
<Rx-Pref>
<CTType>application/*</CTType>
</Rx-Pref>
<Tx-Pref>
<CTType>application/*</CTType>
</Tx-Pref>
<SyncCap>
<SyncType>1</SyncType>
<SyncType>2</SyncType>
<SyncType>7</SyncType>
</SyncCap>
</DataStore>
</DevInf>
</Data>
</Item>
</Put>
<Final></Final>
</SyncBody>
</SyncML>

Tue Feb 25 21:30:24 CST 2014 [TRACE] [SyncMLParser] parse
Tue Feb 25 21:30:24 CST 2014 [DEBUG] [SyncManager] <SyncML>
<SyncHdr>
<VerDTD>1.2</VerDTD>
<VerProto>SyncML/1.2</VerProto>
<SessionID>1266917419910</SessionID>
<MsgID>1</MsgID>
<Target>
<LocURI>fsc-j2me-api</LocURI>
</Target>
<Source>
<LocURI>http://test.server.url</LocURI>
</Source>
<RespURI>http://test.server.url;jsessionid=F2EA56F802D65950FAC3E37336BE1EEA.NODE01</RespURI>
</SyncHdr>
<SyncBody>
<Status>
<CmdID>1</CmdID>
<MsgRef>1</MsgRef>
<CmdRef>0</CmdRef>
<Cmd>SyncHdr</Cmd>
<TargetRef>http://test.server.url</TargetRef>
<SourceRef>fsc-j2me-api</SourceRef>
<Data>401</Data>
</Status><Status>
<CmdID>2</CmdID>
<MsgRef>1</MsgRef>
<CmdRef>1</CmdRef>
<Cmd>Alert</Cmd>
<TargetRef>briefcase</TargetRef>
<SourceRef>briefcase</SourceRef>
<Data>508</Data>
</Status>
<Status>
<CmdID>3</CmdID>
<MsgRef>1</MsgRef>
<CmdRef>2</CmdRef>
<Cmd>Put</Cmd>
<SourceRef>./devinf12</SourceRef>
<Data>200</Data>
</Status>
<Alert>
<CmdID>4</CmdID>
<Data>201</Data>
<Item>
<Target>
<LocURI>briefcase</LocURI>
</Target>
<Source>
<LocURI>briefcase</LocURI>
</Source>
<Meta>
<Anchor xmlns='syncml:metinf'>
<Last>0</Last>
<Next>0</Next>
</Anchor>
</Meta>
</Item>
</Alert>
<Final/>
</SyncBody>
</SyncML>
Tue Feb 25 21:30:24 CST 2014 [TRACE] [SyncMLParser] parse
Tue Feb 25 21:30:24 CST 2014 [DEBUG] [SyncManager] Found respURI = http://test.server.url;jsessionid=F2EA56F802D65950FAC3E37336BE1EEA.NODE01
Tue Feb 25 21:30:24 CST 2014 [ERROR] [SyncManager] Invalid credentials: test
Tue Feb 25 21:30:24 CST 2014 [INFO] [SyncManager] Server required authentication null and nonce: null
Tue Feb 25 21:30:24 CST 2014 [ERROR] [SyncManager] SyncException(com.funambol.sync.SyncException: Invalid credentials)
Tue Feb 25 21:30:24 CST 2014 [ERROR] com.funambol.sync.SyncException: Invalid credentials
	at com.funambol.syncml.spds.SyncManager.performInitializationPhase(SyncManager.java:1000)
	at com.funambol.syncml.spds.SyncManager.sync(SyncManager.java:481)
	at com.funambol.syncml.spds.SyncManager.sync(SyncManager.java:305)
	at com.funambol.syncml.spds.SyncManagerAuthTest.testAuthentication_BASIC_KO(SyncManagerAuthTest.java:201)
	at sun.reflect.NativeMethodAccessorImpl.invoke0(Native Method)
	at sun.reflect.NativeMethodAccessorImpl.invoke(NativeMethodAccessorImpl.java:57)
	at sun.reflect.DelegatingMethodAccessorImpl.invoke(DelegatingMethodAccessorImpl.java:43)
	at java.lang.reflect.Method.invoke(Method.java:606)
	at junit.framework.TestCase.runTest(TestCase.java:154)
	at junit.framework.TestCase.runBare(TestCase.java:127)
	at junit.framework.TestResult$1.protect(TestResult.java:106)
	at junit.framework.TestResult.runProtected(TestResult.java:124)
	at junit.framework.TestResult.run(TestResult.java:109)
	at junit.framework.TestCase.run(TestCase.java:118)
	at junit.framework.TestSuite.runTest(TestSuite.java:208)
	at junit.framework.TestSuite.run(TestSuite.java:203)
	at org.apache.tools.ant.taskdefs.optional.junit.JUnitTestRunner.run(JUnitTestRunner.java:522)
	at org.apache.tools.ant.taskdefs.optional.junit.JUnitTestRunner.launch(JUnitTestRunner.java:1062)
	at org.apache.tools.ant.taskdefs.optional.junit.JUnitTestRunner.main(JUnitTestRunner.java:913)

Tue Feb 25 21:30:24 CST 2014 [TRACE] [SyncManager] getting listener status for 401
Tue Feb 25 21:30:24 CST 2014 [DEBUG] [SyncManager] Ending session (129)
Tue Feb 25 21:30:24 CST 2014 [TRACE] [ObjectsPool] Releasing all pool
Tue Feb 25 21:30:24 CST 2014 [INFO] [SyncManagerAuthTest] testAuthentication_BASIC_KO successfull
Tue Feb 25 21:30:24 CST 2014 [DEBUG] [HttpTransportAgent] Number of writing Attempts: 3
Tue Feb 25 21:30:24 CST 2014 [DEBUG] [HttpTransportAgent] UserAgent set to: null
Tue Feb 25 21:30:24 CST 2014 [DEBUG] [HttpTransportAgent] Request Url set to: http://test.server.url
Tue Feb 25 21:30:24 CST 2014 [DEBUG] [HttpTransportAgent] Charset set to: UTF-8
Tue Feb 25 21:30:24 CST 2014 [DEBUG] [HttpTransportAgent] Threshold size set to: 0
Tue Feb 25 21:30:24 CST 2014 [DEBUG] [HttpTransportAgent] enableCompression: true
Tue Feb 25 21:30:24 CST 2014 [DEBUG] [HttpTransportAgent] responseDate: null
Tue Feb 25 21:30:24 CST 2014 [DEBUG] [HttpTransportAgent] forceCookies: false
Tue Feb 25 21:30:24 CST 2014 [DEBUG] [HttpTransportAgent] proxyConfig: null
Tue Feb 25 21:30:24 CST 2014 [DEBUG] [SyncManager] Using wbxml=false
Tue Feb 25 21:30:24 CST 2014 [INFO] [SyncManagerAuthTest] testAuthentication_BASIC_KO_TO_MD5 started
Tue Feb 25 21:30:24 CST 2014 [DEBUG] [SyncManager] Creating Mapping Manager
Tue Feb 25 21:30:24 CST 2014 [INFO] [SyncManager] Last sync was interrupted = true
Tue Feb 25 21:30:24 CST 2014 [INFO] [SyncManager] Source resume support is = false
Tue Feb 25 21:30:24 CST 2014 [INFO] [SyncManager] No sync status found for source: briefcase
Tue Feb 25 21:30:24 CST 2014 [DEBUG] [SyncManager] state=>STATE_SENDING_ADD
Tue Feb 25 21:30:24 CST 2014 [INFO] [SyncManager] Sending init message false
Tue Feb 25 21:30:24 CST 2014 [DEBUG] [SyncManager] <SyncML>
<SyncHdr>
<VerDTD>1.2</VerDTD>
<VerProto>SyncML/1.2</VerProto>
<SessionID>1393335024086</SessionID>
<MsgID>1</MsgID>
<Target>
<LocURI>http://test.server.url</LocURI>
</Target>
<Source>
<LocURI>fsc-j2me-api</LocURI>
<LocName>test</LocName>
</Source>
<Meta>
<MaxMsgSize>16384</MaxMsgSize>
</Meta>
<Cred>
<Meta>
<Format xmlns="syncml:metinf">b64</Format>
<Type xmlns="syncml:metinf">syncml:auth-basic</Type>
</Meta>
<Data>dGVzdDp0ZXN0</Data>
</Cred>
</SyncHdr>
<SyncBody>
<Alert>
<CmdID>1</CmdID>
<Item>
<Source>
<LocURI>briefcase</LocURI>
</Source>
<Target>
<LocURI>briefcase</LocURI>
</Target>
<Meta>
<Anchor xmlns="syncml:metinf">
<Next>1393335024086</Next>
<Last>0</Last>
</Anchor>
</Meta>
</Item>
<Data>200</Data>
</Alert>
<Put>
<CmdID>2</CmdID>
<Meta>
<Type xmlns="syncml:metinf">application/vnd.syncml-devinf+xml</Type>
</Meta>
<Item>
<Source>
<LocURI>./devinf12</LocURI>
</Source>
<Data>
<DevInf xmlns="syncml:devinf">
<VerDTD>1.2</VerDTD>
<Man></Man>
<Mod></Mod>
<OEM></OEM>
<FwV></FwV>
<SwV></SwV>
<HwV></HwV>
<DevID>fsc-j2me-api</DevID>
<DevTyp>phone</DevTyp>
<UTC></UTC>
<SupportLargeObjs></SupportLargeObjs>
<DataStore>
<SourceRef>briefcase</SourceRef>
<Rx-Pref>
<CTType>application/*</CTType>
</Rx-Pref>
<Tx-Pref>
<CTType>application/*</CTType>
</Tx-Pref>
<SyncCap>
<SyncType>1</SyncType>
<SyncType>2</SyncType>
<SyncType>7</SyncType>
</SyncCap>
</DataStore>
</DevInf>
</Data>
</Item>
</Put>
<Final></Final>
</SyncBody>
</SyncML>

Tue Feb 25 21:30:24 CST 2014 [TRACE] [SyncMLParser] parse
Tue Feb 25 21:30:24 CST 2014 [DEBUG] [SyncManager] <SyncML>
<SyncHdr>
<VerDTD>1.2</VerDTD>
<VerProto>SyncML/1.2</VerProto>
<SessionID>1266917419910</SessionID>
<MsgID>1</MsgID>
<Target>
<LocURI>fsc-j2me-api</LocURI>
</Target>
<Source>
<LocURI>http://test.server.url</LocURI>
</Source>
<RespURI>http://test.server.url;jsessionid=F2EA56F802D65950FAC3E37336BE1EEA.NODE01</RespURI>
</SyncHdr>
<SyncBody>
<Status>
<CmdID>1</CmdID>
<MsgRef>1</MsgRef>
<CmdRef>0</CmdRef>
<Cmd>SyncHdr</Cmd>
<TargetRef>http://test.server.url;jsessionid=F2EA56F802D65950FAC3E37336BE1EEA.NODE01</TargetRef>
<SourceRef>fsc-j2me-api</SourceRef>
<Chal>
<Meta>
<Format xmlns='syncml:metinf'>b64</Format>
<Type xmlns='syncml:metinf'>syncml:auth-md5</Type>
<NextNonce xmlns='syncml:metinf'>OzkyP1Q5VjY4aXBtLCpROQ==</NextNonce>
</Meta>
</Chal>
<Data>401</Data>
</Status><Status>
<CmdID>2</CmdID>
<MsgRef>1</MsgRef>
<CmdRef>1</CmdRef>
<Cmd>Alert</Cmd>
<TargetRef>briefcase</TargetRef>
<SourceRef>briefcase</SourceRef>
<Data>508</Data>
</Status>
<Status>
<CmdID>3</CmdID>
<MsgRef>1</MsgRef>
<CmdRef>2</CmdRef>
<Cmd>Put</Cmd>
<SourceRef>./devinf12</SourceRef>
<Data>200</Data>
</Status>
<Alert>
<CmdID>4</CmdID>
<Data>201</Data>
<Item>
<Target>
<LocURI>briefcase</LocURI>
</Target>
<Source>
<LocURI>briefcase</LocURI>
</Source>
<Meta>
<Anchor xmlns='syncml:metinf'>
<Last>0</Last>
<Next>0</Next>
</Anchor>
</Meta>
</Item>
</Alert>
<Final/>
</SyncBody>
</SyncML>
Tue Feb 25 21:30:24 CST 2014 [TRACE] [SyncMLParser] parse
Tue Feb 25 21:30:24 CST 2014 [DEBUG] [SyncManager] Found respURI = http://test.server.url;jsessionid=F2EA56F802D65950FAC3E37336BE1EEA.NODE01
Tue Feb 25 21:30:24 CST 2014 [ERROR] [SyncManager] Invalid credentials: test
Tue Feb 25 21:30:24 CST 2014 [TRACE] [SyncManager] Required auth method: syncml:auth-md5
Tue Feb 25 21:30:24 CST 2014 [TRACE] [SyncManager] Nonce format b64
Tue Feb 25 21:30:24 CST 2014 [TRACE] [SyncManager] Saving next nonce OzkyP1Q5VjY4aXBtLCpROQ==
Tue Feb 25 21:30:24 CST 2014 [INFO] [SyncManager] Server required authentication syncml:auth-md5 and nonce: OzkyP1Q5VjY4aXBtLCpROQ==
Tue Feb 25 21:30:24 CST 2014 [DEBUG] [SyncManager] Setting next nonce to OzkyP1Q5VjY4aXBtLCpROQ==
Tue Feb 25 21:30:24 CST 2014 [INFO] [SyncManager] Sending init message true
Tue Feb 25 21:30:24 CST 2014 [TRACE] [SyncManager] Computing cred with nonce: OzkyP1Q5VjY4aXBtLCpROQ==
Tue Feb 25 21:30:24 CST 2014 [DEBUG] [SyncManager] <SyncML>
<SyncHdr>
<VerDTD>1.2</VerDTD>
<VerProto>SyncML/1.2</VerProto>
<SessionID>1393335024086</SessionID>
<MsgID>1</MsgID>
<Target>
<LocURI>http://test.server.url;jsessionid=F2EA56F802D65950FAC3E37336BE1EEA.NODE01</LocURI>
</Target>
<Source>
<LocURI>fsc-j2me-api</LocURI>
<LocName>test</LocName>
</Source>
<Meta>
<MaxMsgSize>16384</MaxMsgSize>
</Meta>
<Cred>
<Meta>
<Type xmlns="syncml:metinf">syncml:auth-md5</Type>
</Meta>
<Data>Vxc6Rj43e0GhEl/x+hxChQ==</Data>
</Cred>
</SyncHdr>
<SyncBody>
<Alert>
<CmdID>1</CmdID>
<Item>
<Source>
<LocURI>briefcase</LocURI>
</Source>
<Target>
<LocURI>briefcase</LocURI>
</Target>
<Meta>
<Anchor xmlns="syncml:metinf">
<Next>1393335024086</Next>
<Last>0</Last>
</Anchor>
</Meta>
</Item>
<Data>200</Data>
</Alert>
<Put>
<CmdID>2</CmdID>
<Meta>
<Type xmlns="syncml:metinf">application/vnd.syncml-devinf+xml</Type>
</Meta>
<Item>
<Source>
<LocURI>./devinf12</LocURI>
</Source>
<Data>
<DevInf xmlns="syncml:devinf">
<VerDTD>1.2</VerDTD>
<Man></Man>
<Mod></Mod>
<OEM></OEM>
<FwV></FwV>
<SwV></SwV>
<HwV></HwV>
<DevID>fsc-j2me-api</DevID>
<DevTyp>phone</DevTyp>
<UTC></UTC>
<SupportLargeObjs></SupportLargeObjs>
<DataStore>
<SourceRef>briefcase</SourceRef>
<Rx-Pref>
<CTType>application/*</CTType>
</Rx-Pref>
<Tx-Pref>
<CTType>application/*</CTType>
</Tx-Pref>
<SyncCap>
<SyncType>1</SyncType>
<SyncType>2</SyncType>
<SyncType>7</SyncType>
</SyncCap>
</DataStore>
</DevInf>
</Data>
</Item>
</Put>
<Final></Final>
</SyncBody>
</SyncML>

Tue Feb 25 21:30:24 CST 2014 [TRACE] [SyncMLParser] parse
Tue Feb 25 21:30:24 CST 2014 [TRACE] [SyncMLParser] parse
Tue Feb 25 21:30:24 CST 2014 [DEBUG] [SyncManager] <SyncML>
<SyncHdr>
<VerDTD>1.2</VerDTD>
<VerProto>SyncML/1.2</VerProto>
<SessionID>1266917419910</SessionID>
<MsgID>1</MsgID>
<Target>
<LocURI>fsc-j2me-api</LocURI>
</Target>
<Source>
<LocURI>http://test.server.url</LocURI>
</Source>
<RespURI>http://test.server.url;jsessionid=F2EA56F802D65950FAC3E37336BE1EEA.NODE01</RespURI>
</SyncHdr>
<SyncBody>
<Status>
<CmdID>1</CmdID>
<MsgRef>1</MsgRef>
<CmdRef>0</CmdRef>
<Cmd>SyncHdr</Cmd>
<TargetRef>http://test.server.url</TargetRef>
<SourceRef>fsc-j2me-api</SourceRef>
<Chal>
<Meta>
<Format xmlns='syncml:metinf'>b64</Format>
<Type xmlns='syncml:metinf'>syncml:auth-md5</Type>
<NextNonce xmlns='syncml:metinf'>OzkyP1Q5VjY4aXBtLCpROQ==</NextNonce>
</Meta>
</Chal>
<Data>212</Data>
</Status><Status>
<CmdID>2</CmdID>
<MsgRef>1</MsgRef>
<CmdRef>1</CmdRef>
<Cmd>Alert</Cmd>
<TargetRef>briefcase</TargetRef>
<SourceRef>briefcase</SourceRef>
<Data>508</Data>
</Status>
<Status>
<CmdID>3</CmdID>
<MsgRef>1</MsgRef>
<CmdRef>2</CmdRef>
<Cmd>Put</Cmd>
<SourceRef>./devinf12</SourceRef>
<Data>200</Data>
</Status>
<Alert>
<CmdID>4</CmdID>
<Data>201</Data>
<Item>
<Target>
<LocURI>briefcase</LocURI>
</Target>
<Source>
<LocURI>briefcase</LocURI>
</Source>
<Meta>
<Anchor xmlns='syncml:metinf'>
<Last>0</Last>
<Next>0</Next>
</Anchor>
</Meta>
</Item>
</Alert>
<Final/>
</SyncBody>
</SyncML>
Tue Feb 25 21:30:24 CST 2014 [TRACE] [SyncMLParser] parse
Tue Feb 25 21:30:24 CST 2014 [DEBUG] [SyncManager] Found respURI = http://test.server.url;jsessionid=F2EA56F802D65950FAC3E37336BE1EEA.NODE01
Tue Feb 25 21:30:24 CST 2014 [INFO] [SyncManager] Authentication accepted by the server
Tue Feb 25 21:30:24 CST 2014 [TRACE] [SyncManager] Saving next nonce
Tue Feb 25 21:30:24 CST 2014 [INFO] [SyncManager] Refresh required by server.
Tue Feb 25 21:30:24 CST 2014 [DEBUG] [SyncManager] Found alert tag 201
Tue Feb 25 21:30:24 CST 2014 [TRACE] [SyncManager] Server next anchor is: 0
Tue Feb 25 21:30:24 CST 2014 [INFO] [SyncManager] Response received
Tue Feb 25 21:30:24 CST 2014 [DEBUG] [SyncManager] <SyncML>
<SyncHdr>
<VerDTD>1.2</VerDTD>
<VerProto>SyncML/1.2</VerProto>
<SessionID>1266917419910</SessionID>
<MsgID>1</MsgID>
<Target>
<LocURI>fsc-j2me-api</LocURI>
</Target>
<Source>
<LocURI>http://test.server.url</LocURI>
</Source>
<RespURI>http://test.server.url;jsessionid=F2EA56F802D65950FAC3E37336BE1EEA.NODE01</RespURI>
</SyncHdr>
<SyncBody>
<Status>
<CmdID>1</CmdID>
<MsgRef>1</MsgRef>
<CmdRef>0</CmdRef>
<Cmd>SyncHdr</Cmd>
<TargetRef>http://test.server.url</TargetRef>
<SourceRef>fsc-j2me-api</SourceRef>
<Chal>
<Meta>
<Format xmlns='syncml:metinf'>b64</Format>
<Type xmlns='syncml:metinf'>syncml:auth-md5</Type>
<NextNonce xmlns='syncml:metinf'>OzkyP1Q5VjY4aXBtLCpROQ==</NextNonce>
</Meta>
</Chal>
<Data>212</Data>
</Status><Status>
<CmdID>2</CmdID>
<MsgRef>1</MsgRef>
<CmdRef>1</CmdRef>
<Cmd>Alert</Cmd>
<TargetRef>briefcase</TargetRef>
<SourceRef>briefcase</SourceRef>
<Data>508</Data>
</Status>
<Status>
<CmdID>3</CmdID>
<MsgRef>1</MsgRef>
<CmdRef>2</CmdRef>
<Cmd>Put</Cmd>
<SourceRef>./devinf12</SourceRef>
<Data>200</Data>
</Status>
<Alert>
<CmdID>4</CmdID>
<Data>201</Data>
<Item>
<Target>
<LocURI>briefcase</LocURI>
</Target>
<Source>
<LocURI>briefcase</LocURI>
</Source>
<Meta>
<Anchor xmlns='syncml:metinf'>
<Last>0</Last>
<Next>0</Next>
</Anchor>
</Meta>
</Item>
</Alert>
<Final/>
</SyncBody>
</SyncML>
Tue Feb 25 21:30:24 CST 2014 [INFO] [BaseSyncSource] Begin sync for source 'briefcase' with mode 201
Tue Feb 25 21:30:24 CST 2014 [INFO] [BaseSyncSource] Resume = false
Tue Feb 25 21:30:24 CST 2014 [TRACE] [SyncSourceLOHandler] getNextItemHelper
Tue Feb 25 21:30:24 CST 2014 [INFO] [BaseSyncSource] Source briefcase: no more items to send for slow sync
Tue Feb 25 21:30:24 CST 2014 [DEBUG] [SyncManager] state=>STATE_MODIFICATION_COMPLETED
Tue Feb 25 21:30:24 CST 2014 [DEBUG] [SyncManager] No more commands to send
Tue Feb 25 21:30:24 CST 2014 [INFO] [SyncManager] Modification done, sending <final> tag.
Tue Feb 25 21:30:24 CST 2014 [DEBUG] [SyncManager] <SyncML>
<SyncHdr>
<VerDTD>1.2</VerDTD>
<VerProto>SyncML/1.2</VerProto>
<SessionID>1393335024086</SessionID>
<MsgID>2</MsgID>
<Target>
<LocURI>http://test.server.url;jsessionid=F2EA56F802D65950FAC3E37336BE1EEA.NODE01</LocURI>
</Target>
<Source>
<LocURI>fsc-j2me-api</LocURI>
</Source>
</SyncHdr>
<SyncBody>
<Status>
<CmdID>1</CmdID>
<MsgRef>1</MsgRef>
<CmdRef>0</CmdRef>
<Cmd>SyncHdr</Cmd>
<TargetRef>fsc-j2me-api</TargetRef>
<SourceRef>http://test.server.url;jsessionid=F2EA56F802D65950FAC3E37336BE1EEA.NODE01</SourceRef>
<Data>200</Data>
</Status>
<Status>
<CmdID>2</CmdID>
<MsgRef>1</MsgRef>
<CmdRef>4</CmdRef>
<Cmd>Alert</Cmd>
<TargetRef>briefcase</TargetRef>
<SourceRef>briefcase</SourceRef>
<Data>200</Data>
<Item>
<Data>
<Anchor xmlns="syncml:metinf">
<Next>0</Next>
</Anchor>
</Data>
</Item>
</Status>
<Sync>
<CmdID>3</CmdID>
<Target>
<LocURI>briefcase</LocURI>
</Target>
<Source>
<LocURI>briefcase</LocURI>
</Source>
</Sync>
<Final></Final>
</SyncBody>
</SyncML>

Tue Feb 25 21:30:24 CST 2014 [INFO] [SyncManager] Sending modification
Tue Feb 25 21:30:24 CST 2014 [TRACE] [SyncMLParser] parse
Tue Feb 25 21:30:24 CST 2014 [ERROR] [SyncManager] SyncException(com.funambol.sync.SyncException: com.funambol.util.CodedException: com.funambol.sync.SyncException: Test Ended)
Tue Feb 25 21:30:24 CST 2014 [ERROR] com.funambol.sync.SyncException: com.funambol.util.CodedException: com.funambol.sync.SyncException: Test Ended
	at com.funambol.syncml.spds.SyncManager.postRequest(SyncManager.java:1305)
	at com.funambol.syncml.spds.SyncManager.sync(SyncManager.java:578)
	at com.funambol.syncml.spds.SyncManager.sync(SyncManager.java:305)
	at com.funambol.syncml.spds.SyncManagerAuthTest.testAuthentication_BASIC_KO_TO_MD5(SyncManagerAuthTest.java:260)
	at sun.reflect.NativeMethodAccessorImpl.invoke0(Native Method)
	at sun.reflect.NativeMethodAccessorImpl.invoke(NativeMethodAccessorImpl.java:57)
	at sun.reflect.DelegatingMethodAccessorImpl.invoke(DelegatingMethodAccessorImpl.java:43)
	at java.lang.reflect.Method.invoke(Method.java:606)
	at junit.framework.TestCase.runTest(TestCase.java:154)
	at junit.framework.TestCase.runBare(TestCase.java:127)
	at junit.framework.TestResult$1.protect(TestResult.java:106)
	at junit.framework.TestResult.runProtected(TestResult.java:124)
	at junit.framework.TestResult.run(TestResult.java:109)
	at junit.framework.TestCase.run(TestCase.java:118)
	at junit.framework.TestSuite.runTest(TestSuite.java:208)
	at junit.framework.TestSuite.run(TestSuite.java:203)
	at org.apache.tools.ant.taskdefs.optional.junit.JUnitTestRunner.run(JUnitTestRunner.java:522)
	at org.apache.tools.ant.taskdefs.optional.junit.JUnitTestRunner.launch(JUnitTestRunner.java:1062)
	at org.apache.tools.ant.taskdefs.optional.junit.JUnitTestRunner.main(JUnitTestRunner.java:913)

Tue Feb 25 21:30:24 CST 2014 [TRACE] [SyncManager] getting listener status for 400
Tue Feb 25 21:30:24 CST 2014 [DEBUG] [SyncManager] Ending session (134)
Tue Feb 25 21:30:24 CST 2014 [TRACE] [ObjectsPool] Releasing all pool
Tue Feb 25 21:30:24 CST 2014 [INFO] [SyncManagerAuthTest] testAuthentication_BASIC_KO_TO_MD5 successfull
Tue Feb 25 21:30:24 CST 2014 [DEBUG] [HttpTransportAgent] Number of writing Attempts: 3
Tue Feb 25 21:30:24 CST 2014 [DEBUG] [HttpTransportAgent] UserAgent set to: null
Tue Feb 25 21:30:24 CST 2014 [DEBUG] [HttpTransportAgent] Request Url set to: http://test.server.url
Tue Feb 25 21:30:24 CST 2014 [DEBUG] [HttpTransportAgent] Charset set to: UTF-8
Tue Feb 25 21:30:24 CST 2014 [DEBUG] [HttpTransportAgent] Threshold size set to: 0
Tue Feb 25 21:30:24 CST 2014 [DEBUG] [HttpTransportAgent] enableCompression: true
Tue Feb 25 21:30:24 CST 2014 [DEBUG] [HttpTransportAgent] responseDate: null
Tue Feb 25 21:30:24 CST 2014 [DEBUG] [HttpTransportAgent] forceCookies: false
Tue Feb 25 21:30:24 CST 2014 [DEBUG] [HttpTransportAgent] proxyConfig: null
Tue Feb 25 21:30:24 CST 2014 [DEBUG] [SyncManager] Using wbxml=false
Tue Feb 25 21:30:24 CST 2014 [INFO] [SyncManagerAuthTest] testAuthentication_BASIC_KO_TO_MD5_KO started
Tue Feb 25 21:30:24 CST 2014 [DEBUG] [SyncManager] Creating Mapping Manager
Tue Feb 25 21:30:24 CST 2014 [INFO] [SyncManager] Last sync was interrupted = true
Tue Feb 25 21:30:24 CST 2014 [INFO] [SyncManager] Source resume support is = false
Tue Feb 25 21:30:24 CST 2014 [INFO] [SyncManager] No sync status found for source: briefcase
Tue Feb 25 21:30:24 CST 2014 [DEBUG] [SyncManager] state=>STATE_SENDING_ADD
Tue Feb 25 21:30:24 CST 2014 [INFO] [SyncManager] Sending init message false
Tue Feb 25 21:30:24 CST 2014 [DEBUG] [SyncManager] <SyncML>
<SyncHdr>
<VerDTD>1.2</VerDTD>
<VerProto>SyncML/1.2</VerProto>
<SessionID>1393335024109</SessionID>
<MsgID>1</MsgID>
<Target>
<LocURI>http://test.server.url</LocURI>
</Target>
<Source>
<LocURI>fsc-j2me-api</LocURI>
<LocName>test</LocName>
</Source>
<Meta>
<MaxMsgSize>16384</MaxMsgSize>
</Meta>
<Cred>
<Meta>
<Format xmlns="syncml:metinf">b64</Format>
<Type xmlns="syncml:metinf">syncml:auth-basic</Type>
</Meta>
<Data>dGVzdDp0ZXN0</Data>
</Cred>
</SyncHdr>
<SyncBody>
<Alert>
<CmdID>1</CmdID>
<Item>
<Source>
<LocURI>briefcase</LocURI>
</Source>
<Target>
<LocURI>briefcase</LocURI>
</Target>
<Meta>
<Anchor xmlns="syncml:metinf">
<Next>1393335024109</Next>
<Last>0</Last>
</Anchor>
</Meta>
</Item>
<Data>200</Data>
</Alert>
<Put>
<CmdID>2</CmdID>
<Meta>
<Type xmlns="syncml:metinf">application/vnd.syncml-devinf+xml</Type>
</Meta>
<Item>
<Source>
<LocURI>./devinf12</LocURI>
</Source>
<Data>
<DevInf xmlns="syncml:devinf">
<VerDTD>1.2</VerDTD>
<Man></Man>
<Mod></Mod>
<OEM></OEM>
<FwV></FwV>
<SwV></SwV>
<HwV></HwV>
<DevID>fsc-j2me-api</DevID>
<DevTyp>phone</DevTyp>
<UTC></UTC>
<SupportLargeObjs></SupportLargeObjs>
<DataStore>
<SourceRef>briefcase</SourceRef>
<Rx-Pref>
<CTType>application/*</CTType>
</Rx-Pref>
<Tx-Pref>
<CTType>application/*</CTType>
</Tx-Pref>
<SyncCap>
<SyncType>1</SyncType>
<SyncType>2</SyncType>
<SyncType>7</SyncType>
</SyncCap>
</DataStore>
</DevInf>
</Data>
</Item>
</Put>
<Final></Final>
</SyncBody>
</SyncML>

Tue Feb 25 21:30:24 CST 2014 [TRACE] [SyncMLParser] parse
Tue Feb 25 21:30:24 CST 2014 [DEBUG] [SyncManager] <SyncML>
<SyncHdr>
<VerDTD>1.2</VerDTD>
<VerProto>SyncML/1.2</VerProto>
<SessionID>1266917419910</SessionID>
<MsgID>1</MsgID>
<Target>
<LocURI>fsc-j2me-api</LocURI>
</Target>
<Source>
<LocURI>http://test.server.url</LocURI>
</Source>
<RespURI>http://test.server.url;jsessionid=F2EA56F802D65950FAC3E37336BE1EEA.NODE01</RespURI>
</SyncHdr>
<SyncBody>
<Status>
<CmdID>1</CmdID>
<MsgRef>1</MsgRef>
<CmdRef>0</CmdRef>
<Cmd>SyncHdr</Cmd>
<TargetRef>http://test.server.url;jsessionid=F2EA56F802D65950FAC3E37336BE1EEA.NODE01</TargetRef>
<SourceRef>fsc-j2me-api</SourceRef>
<Chal>
<Meta>
<Format xmlns='syncml:metinf'>b64</Format>
<Type xmlns='syncml:metinf'>syncml:auth-md5</Type>
<NextNonce xmlns='syncml:metinf'>OzkyP1Q5VjY4aXBtLCpROQ==</NextNonce>
</Meta>
</Chal>
<Data>401</Data>
</Status><Status>
<CmdID>2</CmdID>
<MsgRef>1</MsgRef>
<CmdRef>1</CmdRef>
<Cmd>Alert</Cmd>
<TargetRef>briefcase</TargetRef>
<SourceRef>briefcase</SourceRef>
<Data>508</Data>
</Status>
<Status>
<CmdID>3</CmdID>
<MsgRef>1</MsgRef>
<CmdRef>2</CmdRef>
<Cmd>Put</Cmd>
<SourceRef>./devinf12</SourceRef>
<Data>200</Data>
</Status>
<Alert>
<CmdID>4</CmdID>
<Data>201</Data>
<Item>
<Target>
<LocURI>briefcase</LocURI>
</Target>
<Source>
<LocURI>briefcase</LocURI>
</Source>
<Meta>
<Anchor xmlns='syncml:metinf'>
<Last>0</Last>
<Next>0</Next>
</Anchor>
</Meta>
</Item>
</Alert>
<Final/>
</SyncBody>
</SyncML>
Tue Feb 25 21:30:24 CST 2014 [TRACE] [SyncMLParser] parse
Tue Feb 25 21:30:24 CST 2014 [DEBUG] [SyncManager] Found respURI = http://test.server.url;jsessionid=F2EA56F802D65950FAC3E37336BE1EEA.NODE01
Tue Feb 25 21:30:24 CST 2014 [ERROR] [SyncManager] Invalid credentials: test
Tue Feb 25 21:30:24 CST 2014 [TRACE] [SyncManager] Required auth method: syncml:auth-md5
Tue Feb 25 21:30:24 CST 2014 [TRACE] [SyncManager] Nonce format b64
Tue Feb 25 21:30:24 CST 2014 [TRACE] [SyncManager] Saving next nonce OzkyP1Q5VjY4aXBtLCpROQ==
Tue Feb 25 21:30:24 CST 2014 [INFO] [SyncManager] Server required authentication syncml:auth-md5 and nonce: OzkyP1Q5VjY4aXBtLCpROQ==
Tue Feb 25 21:30:24 CST 2014 [DEBUG] [SyncManager] Setting next nonce to OzkyP1Q5VjY4aXBtLCpROQ==
Tue Feb 25 21:30:24 CST 2014 [INFO] [SyncManager] Sending init message true
Tue Feb 25 21:30:24 CST 2014 [TRACE] [SyncManager] Computing cred with nonce: OzkyP1Q5VjY4aXBtLCpROQ==
Tue Feb 25 21:30:24 CST 2014 [DEBUG] [SyncManager] <SyncML>
<SyncHdr>
<VerDTD>1.2</VerDTD>
<VerProto>SyncML/1.2</VerProto>
<SessionID>1393335024109</SessionID>
<MsgID>1</MsgID>
<Target>
<LocURI>http://test.server.url;jsessionid=F2EA56F802D65950FAC3E37336BE1EEA.NODE01</LocURI>
</Target>
<Source>
<LocURI>fsc-j2me-api</LocURI>
<LocName>test</LocName>
</Source>
<Meta>
<MaxMsgSize>16384</MaxMsgSize>
</Meta>
<Cred>
<Meta>
<Type xmlns="syncml:metinf">syncml:auth-md5</Type>
</Meta>
<Data>Vxc6Rj43e0GhEl/x+hxChQ==</Data>
</Cred>
</SyncHdr>
<SyncBody>
<Alert>
<CmdID>1</CmdID>
<Item>
<Source>
<LocURI>briefcase</LocURI>
</Source>
<Target>
<LocURI>briefcase</LocURI>
</Target>
<Meta>
<Anchor xmlns="syncml:metinf">
<Next>1393335024109</Next>
<Last>0</Last>
</Anchor>
</Meta>
</Item>
<Data>200</Data>
</Alert>
<Put>
<CmdID>2</CmdID>
<Meta>
<Type xmlns="syncml:metinf">application/vnd.syncml-devinf+xml</Type>
</Meta>
<Item>
<Source>
<LocURI>./devinf12</LocURI>
</Source>
<Data>
<DevInf xmlns="syncml:devinf">
<VerDTD>1.2</VerDTD>
<Man></Man>
<Mod></Mod>
<OEM></OEM>
<FwV></FwV>
<SwV></SwV>
<HwV></HwV>
<DevID>fsc-j2me-api</DevID>
<DevTyp>phone</DevTyp>
<UTC></UTC>
<SupportLargeObjs></SupportLargeObjs>
<DataStore>
<SourceRef>briefcase</SourceRef>
<Rx-Pref>
<CTType>application/*</CTType>
</Rx-Pref>
<Tx-Pref>
<CTType>application/*</CTType>
</Tx-Pref>
<SyncCap>
<SyncType>1</SyncType>
<SyncType>2</SyncType>
<SyncType>7</SyncType>
</SyncCap>
</DataStore>
</DevInf>
</Data>
</Item>
</Put>
<Final></Final>
</SyncBody>
</SyncML>

Tue Feb 25 21:30:24 CST 2014 [TRACE] [SyncMLParser] parse
Tue Feb 25 21:30:24 CST 2014 [DEBUG] [SyncManager] <SyncML>
<SyncHdr>
<VerDTD>1.2</VerDTD>
<VerProto>SyncML/1.2</VerProto>
<SessionID>1266917419910</SessionID>
<MsgID>1</MsgID>
<Target>
<LocURI>fsc-j2me-api</LocURI>
</Target>
<Source>
<LocURI>http://test.server.url</LocURI>
</Source>
<RespURI>http://test.server.url;jsessionid=F2EA56F802D65950FAC3E37336BE1EEA.NODE01</RespURI>
</SyncHdr>
<SyncBody>
<Status>
<CmdID>1</CmdID>
<MsgRef>1</MsgRef>
<CmdRef>0</CmdRef>
<Cmd>SyncHdr</Cmd>
<TargetRef>http://test.server.url</TargetRef>
<SourceRef>fsc-j2me-api</SourceRef>
<Data>401</Data>
</Status><Status>
<CmdID>2</CmdID>
<MsgRef>1</MsgRef>
<CmdRef>1</CmdRef>
<Cmd>Alert</Cmd>
<TargetRef>briefcase</TargetRef>
<SourceRef>briefcase</SourceRef>
<Data>508</Data>
</Status>
<Status>
<CmdID>3</CmdID>
<MsgRef>1</MsgRef>
<CmdRef>2</CmdRef>
<Cmd>Put</Cmd>
<SourceRef>./devinf12</SourceRef>
<Data>200</Data>
</Status>
<Alert>
<CmdID>4</CmdID>
<Data>201</Data>
<Item>
<Target>
<LocURI>briefcase</LocURI>
</Target>
<Source>
<LocURI>briefcase</LocURI>
</Source>
<Meta>
<Anchor xmlns='syncml:metinf'>
<Last>0</Last>
<Next>0</Next>
</Anchor>
</Meta>
</Item>
</Alert>
<Final/>
</SyncBody>
</SyncML>
Tue Feb 25 21:30:24 CST 2014 [TRACE] [SyncMLParser] parse
Tue Feb 25 21:30:24 CST 2014 [DEBUG] [SyncManager] Found respURI = http://test.server.url;jsessionid=F2EA56F802D65950FAC3E37336BE1EEA.NODE01
Tue Feb 25 21:30:24 CST 2014 [ERROR] [SyncManager] Invalid credentials: test
Tue Feb 25 21:30:24 CST 2014 [INFO] [SyncManager] Server required authentication null and nonce: null
Tue Feb 25 21:30:24 CST 2014 [ERROR] [SyncManager] SyncException(com.funambol.sync.SyncException: Invalid credentials)
Tue Feb 25 21:30:24 CST 2014 [ERROR] com.funambol.sync.SyncException: Invalid credentials
	at com.funambol.syncml.spds.SyncManager.performInitializationPhase(SyncManager.java:1000)
	at com.funambol.syncml.spds.SyncManager.sync(SyncManager.java:481)
	at com.funambol.syncml.spds.SyncManager.sync(SyncManager.java:305)
	at com.funambol.syncml.spds.SyncManagerAuthTest.testAuthentication_BASIC_KO_TO_MD5_KO(SyncManagerAuthTest.java:316)
	at sun.reflect.NativeMethodAccessorImpl.invoke0(Native Method)
	at sun.reflect.NativeMethodAccessorImpl.invoke(NativeMethodAccessorImpl.java:57)
	at sun.reflect.DelegatingMethodAccessorImpl.invoke(DelegatingMethodAccessorImpl.java:43)
	at java.lang.reflect.Method.invoke(Method.java:606)
	at junit.framework.TestCase.runTest(TestCase.java:154)
	at junit.framework.TestCase.runBare(TestCase.java:127)
	at junit.framework.TestResult$1.protect(TestResult.java:106)
	at junit.framework.TestResult.runProtected(TestResult.java:124)
	at junit.framework.TestResult.run(TestResult.java:109)
	at junit.framework.TestCase.run(TestCase.java:118)
	at junit.framework.TestSuite.runTest(TestSuite.java:208)
	at junit.framework.TestSuite.run(TestSuite.java:203)
	at org.apache.tools.ant.taskdefs.optional.junit.JUnitTestRunner.run(JUnitTestRunner.java:522)
	at org.apache.tools.ant.taskdefs.optional.junit.JUnitTestRunner.launch(JUnitTestRunner.java:1062)
	at org.apache.tools.ant.taskdefs.optional.junit.JUnitTestRunner.main(JUnitTestRunner.java:913)

Tue Feb 25 21:30:24 CST 2014 [TRACE] [SyncManager] getting listener status for 401
Tue Feb 25 21:30:24 CST 2014 [DEBUG] [SyncManager] Ending session (129)
Tue Feb 25 21:30:24 CST 2014 [TRACE] [ObjectsPool] Releasing all pool
Tue Feb 25 21:30:24 CST 2014 [INFO] [SyncManagerAuthTest] testAuthentication_BASIC_KO_TO_MD5_KO successfull
Tue Feb 25 21:30:24 CST 2014 [DEBUG] [HttpTransportAgent] Number of writing Attempts: 3
Tue Feb 25 21:30:24 CST 2014 [DEBUG] [HttpTransportAgent] UserAgent set to: null
Tue Feb 25 21:30:24 CST 2014 [DEBUG] [HttpTransportAgent] Request Url set to: http://test.server.url
Tue Feb 25 21:30:24 CST 2014 [DEBUG] [HttpTransportAgent] Charset set to: UTF-8
Tue Feb 25 21:30:24 CST 2014 [DEBUG] [HttpTransportAgent] Threshold size set to: 0
Tue Feb 25 21:30:24 CST 2014 [DEBUG] [HttpTransportAgent] enableCompression: true
Tue Feb 25 21:30:24 CST 2014 [DEBUG] [HttpTransportAgent] responseDate: null
Tue Feb 25 21:30:24 CST 2014 [DEBUG] [HttpTransportAgent] forceCookies: false
Tue Feb 25 21:30:24 CST 2014 [DEBUG] [HttpTransportAgent] proxyConfig: null
Tue Feb 25 21:30:24 CST 2014 [DEBUG] [SyncManager] Using wbxml=false
Tue Feb 25 21:30:24 CST 2014 [INFO] [SyncManagerAuthTest] testAuthentication_BASIC_KO_TO_MD5_NOT_ALLOWED started
Tue Feb 25 21:30:24 CST 2014 [DEBUG] [SyncManager] Creating Mapping Manager
Tue Feb 25 21:30:24 CST 2014 [INFO] [SyncManager] Last sync was interrupted = true
Tue Feb 25 21:30:24 CST 2014 [INFO] [SyncManager] Source resume support is = false
Tue Feb 25 21:30:24 CST 2014 [INFO] [SyncManager] No sync status found for source: briefcase
Tue Feb 25 21:30:24 CST 2014 [DEBUG] [SyncManager] state=>STATE_SENDING_ADD
Tue Feb 25 21:30:24 CST 2014 [INFO] [SyncManager] Sending init message false
Tue Feb 25 21:30:24 CST 2014 [DEBUG] [SyncManager] <SyncML>
<SyncHdr>
<VerDTD>1.2</VerDTD>
<VerProto>SyncML/1.2</VerProto>
<SessionID>1393335024126</SessionID>
<MsgID>1</MsgID>
<Target>
<LocURI>http://test.server.url</LocURI>
</Target>
<Source>
<LocURI>fsc-j2me-api</LocURI>
<LocName>test</LocName>
</Source>
<Meta>
<MaxMsgSize>16384</MaxMsgSize>
</Meta>
<Cred>
<Meta>
<Format xmlns="syncml:metinf">b64</Format>
<Type xmlns="syncml:metinf">syncml:auth-basic</Type>
</Meta>
<Data>dGVzdDp0ZXN0</Data>
</Cred>
</SyncHdr>
<SyncBody>
<Alert>
<CmdID>1</CmdID>
<Item>
<Source>
<LocURI>briefcase</LocURI>
</Source>
<Target>
<LocURI>briefcase</LocURI>
</Target>
<Meta>
<Anchor xmlns="syncml:metinf">
<Next>1393335024126</Next>
<Last>0</Last>
</Anchor>
</Meta>
</Item>
<Data>200</Data>
</Alert>
<Put>
<CmdID>2</CmdID>
<Meta>
<Type xmlns="syncml:metinf">application/vnd.syncml-devinf+xml</Type>
</Meta>
<Item>
<Source>
<LocURI>./devinf12</LocURI>
</Source>
<Data>
<DevInf xmlns="syncml:devinf">
<VerDTD>1.2</VerDTD>
<Man></Man>
<Mod></Mod>
<OEM></OEM>
<FwV></FwV>
<SwV></SwV>
<HwV></HwV>
<DevID>fsc-j2me-api</DevID>
<DevTyp>phone</DevTyp>
<UTC></UTC>
<SupportLargeObjs></SupportLargeObjs>
<DataStore>
<SourceRef>briefcase</SourceRef>
<Rx-Pref>
<CTType>application/*</CTType>
</Rx-Pref>
<Tx-Pref>
<CTType>application/*</CTType>
</Tx-Pref>
<SyncCap>
<SyncType>1</SyncType>
<SyncType>2</SyncType>
<SyncType>7</SyncType>
</SyncCap>
</DataStore>
</DevInf>
</Data>
</Item>
</Put>
<Final></Final>
</SyncBody>
</SyncML>

Tue Feb 25 21:30:24 CST 2014 [TRACE] [SyncMLParser] parse
Tue Feb 25 21:30:24 CST 2014 [DEBUG] [SyncManager] <SyncML>
<SyncHdr>
<VerDTD>1.2</VerDTD>
<VerProto>SyncML/1.2</VerProto>
<SessionID>1266917419910</SessionID>
<MsgID>1</MsgID>
<Target>
<LocURI>fsc-j2me-api</LocURI>
</Target>
<Source>
<LocURI>http://test.server.url</LocURI>
</Source>
<RespURI>http://test.server.url;jsessionid=F2EA56F802D65950FAC3E37336BE1EEA.NODE01</RespURI>
</SyncHdr>
<SyncBody>
<Status>
<CmdID>1</CmdID>
<MsgRef>1</MsgRef>
<CmdRef>0</CmdRef>
<Cmd>SyncHdr</Cmd>
<TargetRef>http://test.server.url;jsessionid=F2EA56F802D65950FAC3E37336BE1EEA.NODE01</TargetRef>
<SourceRef>fsc-j2me-api</SourceRef>
<Chal>
<Meta>
<Format xmlns='syncml:metinf'>b64</Format>
<Type xmlns='syncml:metinf'>syncml:auth-md5</Type>
<NextNonce xmlns='syncml:metinf'>OzkyP1Q5VjY4aXBtLCpROQ==</NextNonce>
</Meta>
</Chal>
<Data>401</Data>
</Status><Status>
<CmdID>2</CmdID>
<MsgRef>1</MsgRef>
<CmdRef>1</CmdRef>
<Cmd>Alert</Cmd>
<TargetRef>briefcase</TargetRef>
<SourceRef>briefcase</SourceRef>
<Data>508</Data>
</Status>
<Status>
<CmdID>3</CmdID>
<MsgRef>1</MsgRef>
<CmdRef>2</CmdRef>
<Cmd>Put</Cmd>
<SourceRef>./devinf12</SourceRef>
<Data>200</Data>
</Status>
<Alert>
<CmdID>4</CmdID>
<Data>201</Data>
<Item>
<Target>
<LocURI>briefcase</LocURI>
</Target>
<Source>
<LocURI>briefcase</LocURI>
</Source>
<Meta>
<Anchor xmlns='syncml:metinf'>
<Last>0</Last>
<Next>0</Next>
</Anchor>
</Meta>
</Item>
</Alert>
<Final/>
</SyncBody>
</SyncML>
Tue Feb 25 21:30:24 CST 2014 [TRACE] [SyncMLParser] parse
Tue Feb 25 21:30:24 CST 2014 [DEBUG] [SyncManager] Found respURI = http://test.server.url;jsessionid=F2EA56F802D65950FAC3E37336BE1EEA.NODE01
Tue Feb 25 21:30:24 CST 2014 [ERROR] [SyncManager] Invalid credentials: test
Tue Feb 25 21:30:24 CST 2014 [TRACE] [SyncManager] Required auth method: syncml:auth-md5
Tue Feb 25 21:30:24 CST 2014 [TRACE] [SyncManager] Nonce format b64
Tue Feb 25 21:30:24 CST 2014 [TRACE] [SyncManager] Saving next nonce OzkyP1Q5VjY4aXBtLCpROQ==
Tue Feb 25 21:30:24 CST 2014 [INFO] [SyncManager] Server required authentication syncml:auth-md5 and nonce: OzkyP1Q5VjY4aXBtLCpROQ==
Tue Feb 25 21:30:24 CST 2014 [ERROR] [SyncManager] SyncException(com.funambol.sync.SyncException: Invalid credentials)
Tue Feb 25 21:30:24 CST 2014 [ERROR] com.funambol.sync.SyncException: Invalid credentials
	at com.funambol.syncml.spds.SyncManager.performInitializationPhase(SyncManager.java:1000)
	at com.funambol.syncml.spds.SyncManager.sync(SyncManager.java:481)
	at com.funambol.syncml.spds.SyncManager.sync(SyncManager.java:305)
	at com.funambol.syncml.spds.SyncManagerAuthTest.testAuthentication_BASIC_KO_TO_MD5_NOT_ALLOWED(SyncManagerAuthTest.java:366)
	at sun.reflect.NativeMethodAccessorImpl.invoke0(Native Method)
	at sun.reflect.NativeMethodAccessorImpl.invoke(NativeMethodAccessorImpl.java:57)
	at sun.reflect.DelegatingMethodAccessorImpl.invoke(DelegatingMethodAccessorImpl.java:43)
	at java.lang.reflect.Method.invoke(Method.java:606)
	at junit.framework.TestCase.runTest(TestCase.java:154)
	at junit.framework.TestCase.runBare(TestCase.java:127)
	at junit.framework.TestResult$1.protect(TestResult.java:106)
	at junit.framework.TestResult.runProtected(TestResult.java:124)
	at junit.framework.TestResult.run(TestResult.java:109)
	at junit.framework.TestCase.run(TestCase.java:118)
	at junit.framework.TestSuite.runTest(TestSuite.java:208)
	at junit.framework.TestSuite.run(TestSuite.java:203)
	at org.apache.tools.ant.taskdefs.optional.junit.JUnitTestRunner.run(JUnitTestRunner.java:522)
	at org.apache.tools.ant.taskdefs.optional.junit.JUnitTestRunner.launch(JUnitTestRunner.java:1062)
	at org.apache.tools.ant.taskdefs.optional.junit.JUnitTestRunner.main(JUnitTestRunner.java:913)

Tue Feb 25 21:30:24 CST 2014 [TRACE] [SyncManager] getting listener status for 401
Tue Feb 25 21:30:24 CST 2014 [DEBUG] [SyncManager] Ending session (129)
Tue Feb 25 21:30:24 CST 2014 [TRACE] [ObjectsPool] Releasing all pool
Tue Feb 25 21:30:24 CST 2014 [INFO] [SyncManagerAuthTest] testAuthentication_BASIC_KO_TO_MD5_NOT_ALLOWED successfull
Tue Feb 25 21:30:24 CST 2014 [DEBUG] [HttpTransportAgent] Number of writing Attempts: 3
Tue Feb 25 21:30:24 CST 2014 [DEBUG] [HttpTransportAgent] UserAgent set to: null
Tue Feb 25 21:30:24 CST 2014 [DEBUG] [HttpTransportAgent] Request Url set to: http://test.server.url
Tue Feb 25 21:30:24 CST 2014 [DEBUG] [HttpTransportAgent] Charset set to: UTF-8
Tue Feb 25 21:30:24 CST 2014 [DEBUG] [HttpTransportAgent] Threshold size set to: 0
Tue Feb 25 21:30:24 CST 2014 [DEBUG] [HttpTransportAgent] enableCompression: true
Tue Feb 25 21:30:24 CST 2014 [DEBUG] [HttpTransportAgent] responseDate: null
Tue Feb 25 21:30:24 CST 2014 [DEBUG] [HttpTransportAgent] forceCookies: false
Tue Feb 25 21:30:24 CST 2014 [DEBUG] [HttpTransportAgent] proxyConfig: null
Tue Feb 25 21:30:24 CST 2014 [DEBUG] [SyncManager] Using wbxml=false
Tue Feb 25 21:30:24 CST 2014 [INFO] [SyncManagerAuthTest] testAuthentication_MD5_OK started
Tue Feb 25 21:30:24 CST 2014 [DEBUG] [SyncManager] Creating Mapping Manager
Tue Feb 25 21:30:24 CST 2014 [INFO] [SyncManager] Last sync was interrupted = true
Tue Feb 25 21:30:24 CST 2014 [INFO] [SyncManager] Source resume support is = false
Tue Feb 25 21:30:24 CST 2014 [INFO] [SyncManager] No sync status found for source: briefcase
Tue Feb 25 21:30:24 CST 2014 [DEBUG] [SyncManager] state=>STATE_SENDING_ADD
Tue Feb 25 21:30:24 CST 2014 [INFO] [SyncManager] Sending init message true
Tue Feb 25 21:30:24 CST 2014 [TRACE] [SyncManager] Computing cred with nonce: null
Tue Feb 25 21:30:24 CST 2014 [DEBUG] [SyncManager] <SyncML>
<SyncHdr>
<VerDTD>1.2</VerDTD>
<VerProto>SyncML/1.2</VerProto>
<SessionID>1393335024135</SessionID>
<MsgID>1</MsgID>
<Target>
<LocURI>http://test.server.url</LocURI>
</Target>
<Source>
<LocURI>fsc-j2me-api</LocURI>
<LocName>test</LocName>
</Source>
<Meta>
<MaxMsgSize>16384</MaxMsgSize>
</Meta>
<Cred>
<Meta>
<Type xmlns="syncml:metinf">syncml:auth-md5</Type>
</Meta>
<Data>x2EHlRSZiRM209YwocVlVg==</Data>
</Cred>
</SyncHdr>
<SyncBody>
<Alert>
<CmdID>1</CmdID>
<Item>
<Source>
<LocURI>briefcase</LocURI>
</Source>
<Target>
<LocURI>briefcase</LocURI>
</Target>
<Meta>
<Anchor xmlns="syncml:metinf">
<Next>1393335024135</Next>
<Last>0</Last>
</Anchor>
</Meta>
</Item>
<Data>200</Data>
</Alert>
<Put>
<CmdID>2</CmdID>
<Meta>
<Type xmlns="syncml:metinf">application/vnd.syncml-devinf+xml</Type>
</Meta>
<Item>
<Source>
<LocURI>./devinf12</LocURI>
</Source>
<Data>
<DevInf xmlns="syncml:devinf">
<VerDTD>1.2</VerDTD>
<Man></Man>
<Mod></Mod>
<OEM></OEM>
<FwV></FwV>
<SwV></SwV>
<HwV></HwV>
<DevID>fsc-j2me-api</DevID>
<DevTyp>phone</DevTyp>
<UTC></UTC>
<SupportLargeObjs></SupportLargeObjs>
<DataStore>
<SourceRef>briefcase</SourceRef>
<Rx-Pref>
<CTType>application/*</CTType>
</Rx-Pref>
<Tx-Pref>
<CTType>application/*</CTType>
</Tx-Pref>
<SyncCap>
<SyncType>1</SyncType>
<SyncType>2</SyncType>
<SyncType>7</SyncType>
</SyncCap>
</DataStore>
</DevInf>
</Data>
</Item>
</Put>
<Final></Final>
</SyncBody>
</SyncML>

Tue Feb 25 21:30:24 CST 2014 [TRACE] [SyncMLParser] parse
Tue Feb 25 21:30:24 CST 2014 [DEBUG] [SyncManager] <SyncML>
<SyncHdr>
<VerDTD>1.2</VerDTD>
<VerProto>SyncML/1.2</VerProto>
<SessionID>1266917419910</SessionID>
<MsgID>1</MsgID>
<Target>
<LocURI>fsc-j2me-api</LocURI>
</Target>
<Source>
<LocURI>http://test.server.url</LocURI>
</Source>
<RespURI>http://test.server.url;jsessionid=F2EA56F802D65950FAC3E37336BE1EEA.NODE01</RespURI>
</SyncHdr>
<SyncBody>
<Status>
<CmdID>1</CmdID>
<MsgRef>1</MsgRef>
<CmdRef>0</CmdRef>
<Cmd>SyncHdr</Cmd>
<TargetRef>http://test.server.url</TargetRef>
<SourceRef>fsc-j2me-api</SourceRef>
<Chal>
<Meta>
<Format xmlns='syncml:metinf'>b64</Format>
<Type xmlns='syncml:metinf'>syncml:auth-md5</Type>
<NextNonce xmlns='syncml:metinf'>OzkyP1Q5VjY4aXBtLCpROQ==</NextNonce>
</Meta>
</Chal>
<Data>212</Data>
</Status><Status>
<CmdID>2</CmdID>
<MsgRef>1</MsgRef>
<CmdRef>1</CmdRef>
<Cmd>Alert</Cmd>
<TargetRef>briefcase</TargetRef>
<SourceRef>briefcase</SourceRef>
<Data>508</Data>
</Status>
<Status>
<CmdID>3</CmdID>
<MsgRef>1</MsgRef>
<CmdRef>2</CmdRef>
<Cmd>Put</Cmd>
<SourceRef>./devinf12</SourceRef>
<Data>200</Data>
</Status>
<Alert>
<CmdID>4</CmdID>
<Data>201</Data>
<Item>
<Target>
<LocURI>briefcase</LocURI>
</Target>
<Source>
<LocURI>briefcase</LocURI>
</Source>
<Meta>
<Anchor xmlns='syncml:metinf'>
<Last>0</Last>
<Next>0</Next>
</Anchor>
</Meta>
</Item>
</Alert>
<Final/>
</SyncBody>
</SyncML>
Tue Feb 25 21:30:24 CST 2014 [TRACE] [SyncMLParser] parse
Tue Feb 25 21:30:24 CST 2014 [DEBUG] [SyncManager] Found respURI = http://test.server.url;jsessionid=F2EA56F802D65950FAC3E37336BE1EEA.NODE01
Tue Feb 25 21:30:24 CST 2014 [INFO] [SyncManager] Authentication accepted by the server
Tue Feb 25 21:30:24 CST 2014 [TRACE] [SyncManager] Saving next nonce
Tue Feb 25 21:30:24 CST 2014 [INFO] [SyncManager] Refresh required by server.
Tue Feb 25 21:30:24 CST 2014 [DEBUG] [SyncManager] Found alert tag 201
Tue Feb 25 21:30:24 CST 2014 [TRACE] [SyncManager] Server next anchor is: 0
Tue Feb 25 21:30:24 CST 2014 [INFO] [SyncManager] Response received
Tue Feb 25 21:30:24 CST 2014 [DEBUG] [SyncManager] <SyncML>
<SyncHdr>
<VerDTD>1.2</VerDTD>
<VerProto>SyncML/1.2</VerProto>
<SessionID>1266917419910</SessionID>
<MsgID>1</MsgID>
<Target>
<LocURI>fsc-j2me-api</LocURI>
</Target>
<Source>
<LocURI>http://test.server.url</LocURI>
</Source>
<RespURI>http://test.server.url;jsessionid=F2EA56F802D65950FAC3E37336BE1EEA.NODE01</RespURI>
</SyncHdr>
<SyncBody>
<Status>
<CmdID>1</CmdID>
<MsgRef>1</MsgRef>
<CmdRef>0</CmdRef>
<Cmd>SyncHdr</Cmd>
<TargetRef>http://test.server.url</TargetRef>
<SourceRef>fsc-j2me-api</SourceRef>
<Chal>
<Meta>
<Format xmlns='syncml:metinf'>b64</Format>
<Type xmlns='syncml:metinf'>syncml:auth-md5</Type>
<NextNonce xmlns='syncml:metinf'>OzkyP1Q5VjY4aXBtLCpROQ==</NextNonce>
</Meta>
</Chal>
<Data>212</Data>
</Status><Status>
<CmdID>2</CmdID>
<MsgRef>1</MsgRef>
<CmdRef>1</CmdRef>
<Cmd>Alert</Cmd>
<TargetRef>briefcase</TargetRef>
<SourceRef>briefcase</SourceRef>
<Data>508</Data>
</Status>
<Status>
<CmdID>3</CmdID>
<MsgRef>1</MsgRef>
<CmdRef>2</CmdRef>
<Cmd>Put</Cmd>
<SourceRef>./devinf12</SourceRef>
<Data>200</Data>
</Status>
<Alert>
<CmdID>4</CmdID>
<Data>201</Data>
<Item>
<Target>
<LocURI>briefcase</LocURI>
</Target>
<Source>
<LocURI>briefcase</LocURI>
</Source>
<Meta>
<Anchor xmlns='syncml:metinf'>
<Last>0</Last>
<Next>0</Next>
</Anchor>
</Meta>
</Item>
</Alert>
<Final/>
</SyncBody>
</SyncML>
Tue Feb 25 21:30:24 CST 2014 [INFO] [BaseSyncSource] Begin sync for source 'briefcase' with mode 201
Tue Feb 25 21:30:24 CST 2014 [INFO] [BaseSyncSource] Resume = false
Tue Feb 25 21:30:24 CST 2014 [TRACE] [SyncSourceLOHandler] getNextItemHelper
Tue Feb 25 21:30:24 CST 2014 [INFO] [BaseSyncSource] Source briefcase: no more items to send for slow sync
Tue Feb 25 21:30:24 CST 2014 [DEBUG] [SyncManager] state=>STATE_MODIFICATION_COMPLETED
Tue Feb 25 21:30:24 CST 2014 [DEBUG] [SyncManager] No more commands to send
Tue Feb 25 21:30:24 CST 2014 [INFO] [SyncManager] Modification done, sending <final> tag.
Tue Feb 25 21:30:24 CST 2014 [DEBUG] [SyncManager] <SyncML>
<SyncHdr>
<VerDTD>1.2</VerDTD>
<VerProto>SyncML/1.2</VerProto>
<SessionID>1393335024135</SessionID>
<MsgID>2</MsgID>
<Target>
<LocURI>http://test.server.url;jsessionid=F2EA56F802D65950FAC3E37336BE1EEA.NODE01</LocURI>
</Target>
<Source>
<LocURI>fsc-j2me-api</LocURI>
</Source>
</SyncHdr>
<SyncBody>
<Status>
<CmdID>1</CmdID>
<MsgRef>1</MsgRef>
<CmdRef>0</CmdRef>
<Cmd>SyncHdr</Cmd>
<TargetRef>fsc-j2me-api</TargetRef>
<SourceRef>http://test.server.url;jsessionid=F2EA56F802D65950FAC3E37336BE1EEA.NODE01</SourceRef>
<Data>200</Data>
</Status>
<Status>
<CmdID>2</CmdID>
<MsgRef>1</MsgRef>
<CmdRef>4</CmdRef>
<Cmd>Alert</Cmd>
<TargetRef>briefcase</TargetRef>
<SourceRef>briefcase</SourceRef>
<Data>200</Data>
<Item>
<Data>
<Anchor xmlns="syncml:metinf">
<Next>0</Next>
</Anchor>
</Data>
</Item>
</Status>
<Sync>
<CmdID>3</CmdID>
<Target>
<LocURI>briefcase</LocURI>
</Target>
<Source>
<LocURI>briefcase</LocURI>
</Source>
</Sync>
<Final></Final>
</SyncBody>
</SyncML>

Tue Feb 25 21:30:24 CST 2014 [INFO] [SyncManager] Sending modification
Tue Feb 25 21:30:24 CST 2014 [TRACE] [SyncMLParser] parse
Tue Feb 25 21:30:24 CST 2014 [ERROR] [SyncManager] SyncException(com.funambol.sync.SyncException: com.funambol.util.CodedException: com.funambol.sync.SyncException: Test Ended)
Tue Feb 25 21:30:24 CST 2014 [ERROR] com.funambol.sync.SyncException: com.funambol.util.CodedException: com.funambol.sync.SyncException: Test Ended
	at com.funambol.syncml.spds.SyncManager.postRequest(SyncManager.java:1305)
	at com.funambol.syncml.spds.SyncManager.sync(SyncManager.java:578)
	at com.funambol.syncml.spds.SyncManager.sync(SyncManager.java:305)
	at com.funambol.syncml.spds.SyncManagerAuthTest.testAuthentication_MD5_OK(SyncManagerAuthTest.java:417)
	at sun.reflect.NativeMethodAccessorImpl.invoke0(Native Method)
	at sun.reflect.NativeMethodAccessorImpl.invoke(NativeMethodAccessorImpl.java:57)
	at sun.reflect.DelegatingMethodAccessorImpl.invoke(DelegatingMethodAccessorImpl.java:43)
	at java.lang.reflect.Method.invoke(Method.java:606)
	at junit.framework.TestCase.runTest(TestCase.java:154)
	at junit.framework.TestCase.runBare(TestCase.java:127)
	at junit.framework.TestResult$1.protect(TestResult.java:106)
	at junit.framework.TestResult.runProtected(TestResult.java:124)
	at junit.framework.TestResult.run(TestResult.java:109)
	at junit.framework.TestCase.run(TestCase.java:118)
	at junit.framework.TestSuite.runTest(TestSuite.java:208)
	at junit.framework.TestSuite.run(TestSuite.java:203)
	at org.apache.tools.ant.taskdefs.optional.junit.JUnitTestRunner.run(JUnitTestRunner.java:522)
	at org.apache.tools.ant.taskdefs.optional.junit.JUnitTestRunner.launch(JUnitTestRunner.java:1062)
	at org.apache.tools.ant.taskdefs.optional.junit.JUnitTestRunner.main(JUnitTestRunner.java:913)

Tue Feb 25 21:30:24 CST 2014 [TRACE] [SyncManager] getting listener status for 400
Tue Feb 25 21:30:24 CST 2014 [DEBUG] [SyncManager] Ending session (134)
Tue Feb 25 21:30:24 CST 2014 [TRACE] [ObjectsPool] Releasing all pool
Tue Feb 25 21:30:24 CST 2014 [INFO] [SyncManagerAuthTest] testAuthentication_MD5_OK successfull
Tue Feb 25 21:30:24 CST 2014 [DEBUG] [HttpTransportAgent] Number of writing Attempts: 3
Tue Feb 25 21:30:24 CST 2014 [DEBUG] [HttpTransportAgent] UserAgent set to: null
Tue Feb 25 21:30:24 CST 2014 [DEBUG] [HttpTransportAgent] Request Url set to: http://test.server.url
Tue Feb 25 21:30:24 CST 2014 [DEBUG] [HttpTransportAgent] Charset set to: UTF-8
Tue Feb 25 21:30:24 CST 2014 [DEBUG] [HttpTransportAgent] Threshold size set to: 0
Tue Feb 25 21:30:24 CST 2014 [DEBUG] [HttpTransportAgent] enableCompression: true
Tue Feb 25 21:30:24 CST 2014 [DEBUG] [HttpTransportAgent] responseDate: null
Tue Feb 25 21:30:24 CST 2014 [DEBUG] [HttpTransportAgent] forceCookies: false
Tue Feb 25 21:30:24 CST 2014 [DEBUG] [HttpTransportAgent] proxyConfig: null
Tue Feb 25 21:30:24 CST 2014 [DEBUG] [SyncManager] Using wbxml=false
Tue Feb 25 21:30:24 CST 2014 [INFO] [SyncManagerAuthTest] testAuthentication_BASIC_KO started
Tue Feb 25 21:30:24 CST 2014 [DEBUG] [SyncManager] Creating Mapping Manager
Tue Feb 25 21:30:24 CST 2014 [INFO] [SyncManager] Last sync was interrupted = true
Tue Feb 25 21:30:24 CST 2014 [INFO] [SyncManager] Source resume support is = false
Tue Feb 25 21:30:24 CST 2014 [INFO] [SyncManager] No sync status found for source: briefcase
Tue Feb 25 21:30:24 CST 2014 [DEBUG] [SyncManager] state=>STATE_SENDING_ADD
Tue Feb 25 21:30:24 CST 2014 [INFO] [SyncManager] Sending init message true
Tue Feb 25 21:30:24 CST 2014 [TRACE] [SyncManager] Computing cred with nonce: null
Tue Feb 25 21:30:24 CST 2014 [DEBUG] [SyncManager] <SyncML>
<SyncHdr>
<VerDTD>1.2</VerDTD>
<VerProto>SyncML/1.2</VerProto>
<SessionID>1393335024146</SessionID>
<MsgID>1</MsgID>
<Target>
<LocURI>http://test.server.url</LocURI>
</Target>
<Source>
<LocURI>fsc-j2me-api</LocURI>
<LocName>test</LocName>
</Source>
<Meta>
<MaxMsgSize>16384</MaxMsgSize>
</Meta>
<Cred>
<Meta>
<Type xmlns="syncml:metinf">syncml:auth-md5</Type>
</Meta>
<Data>x2EHlRSZiRM209YwocVlVg==</Data>
</Cred>
</SyncHdr>
<SyncBody>
<Alert>
<CmdID>1</CmdID>
<Item>
<Source>
<LocURI>briefcase</LocURI>
</Source>
<Target>
<LocURI>briefcase</LocURI>
</Target>
<Meta>
<Anchor xmlns="syncml:metinf">
<Next>1393335024146</Next>
<Last>0</Last>
</Anchor>
</Meta>
</Item>
<Data>200</Data>
</Alert>
<Put>
<CmdID>2</CmdID>
<Meta>
<Type xmlns="syncml:metinf">application/vnd.syncml-devinf+xml</Type>
</Meta>
<Item>
<Source>
<LocURI>./devinf12</LocURI>
</Source>
<Data>
<DevInf xmlns="syncml:devinf">
<VerDTD>1.2</VerDTD>
<Man></Man>
<Mod></Mod>
<OEM></OEM>
<FwV></FwV>
<SwV></SwV>
<HwV></HwV>
<DevID>fsc-j2me-api</DevID>
<DevTyp>phone</DevTyp>
<UTC></UTC>
<SupportLargeObjs></SupportLargeObjs>
<DataStore>
<SourceRef>briefcase</SourceRef>
<Rx-Pref>
<CTType>application/*</CTType>
</Rx-Pref>
<Tx-Pref>
<CTType>application/*</CTType>
</Tx-Pref>
<SyncCap>
<SyncType>1</SyncType>
<SyncType>2</SyncType>
<SyncType>7</SyncType>
</SyncCap>
</DataStore>
</DevInf>
</Data>
</Item>
</Put>
<Final></Final>
</SyncBody>
</SyncML>

Tue Feb 25 21:30:24 CST 2014 [TRACE] [SyncMLParser] parse
Tue Feb 25 21:30:24 CST 2014 [DEBUG] [SyncManager] <SyncML>
<SyncHdr>
<VerDTD>1.2</VerDTD>
<VerProto>SyncML/1.2</VerProto>
<SessionID>1266917419910</SessionID>
<MsgID>1</MsgID>
<Target>
<LocURI>fsc-j2me-api</LocURI>
</Target>
<Source>
<LocURI>http://test.server.url</LocURI>
</Source>
<RespURI>http://test.server.url;jsessionid=F2EA56F802D65950FAC3E37336BE1EEA.NODE01</RespURI>
</SyncHdr>
<SyncBody>
<Status>
<CmdID>1</CmdID>
<MsgRef>1</MsgRef>
<CmdRef>0</CmdRef>
<Cmd>SyncHdr</Cmd>
<TargetRef>http://test.server.url</TargetRef>
<SourceRef>fsc-j2me-api</SourceRef>
<Data>401</Data>
</Status><Status>
<CmdID>2</CmdID>
<MsgRef>1</MsgRef>
<CmdRef>1</CmdRef>
<Cmd>Alert</Cmd>
<TargetRef>briefcase</TargetRef>
<SourceRef>briefcase</SourceRef>
<Data>508</Data>
</Status>
<Status>
<CmdID>3</CmdID>
<MsgRef>1</MsgRef>
<CmdRef>2</CmdRef>
<Cmd>Put</Cmd>
<SourceRef>./devinf12</SourceRef>
<Data>200</Data>
</Status>
<Alert>
<CmdID>4</CmdID>
<Data>201</Data>
<Item>
<Target>
<LocURI>briefcase</LocURI>
</Target>
<Source>
<LocURI>briefcase</LocURI>
</Source>
<Meta>
<Anchor xmlns='syncml:metinf'>
<Last>0</Last>
<Next>0</Next>
</Anchor>
</Meta>
</Item>
</Alert>
<Final/>
</SyncBody>
</SyncML>
Tue Feb 25 21:30:24 CST 2014 [TRACE] [SyncMLParser] parse
Tue Feb 25 21:30:24 CST 2014 [DEBUG] [SyncManager] Found respURI = http://test.server.url;jsessionid=F2EA56F802D65950FAC3E37336BE1EEA.NODE01
Tue Feb 25 21:30:24 CST 2014 [ERROR] [SyncManager] Invalid credentials: test
Tue Feb 25 21:30:24 CST 2014 [INFO] [SyncManager] Server required authentication null and nonce: null
Tue Feb 25 21:30:24 CST 2014 [ERROR] [SyncManager] SyncException(com.funambol.sync.SyncException: Invalid credentials)
[...]
Tue Feb 25 21:30:24 CST 2014 [TRACE] [SyncSourceLOHandler] objsize: 150 chunk: 0 moredata: false
Tue Feb 25 21:30:24 CST 2014 [DEBUG] [SyncSourceLOHandler] EncodedDataSize: 150
Tue Feb 25 21:30:24 CST 2014 [TRACE] [SyncSourceLOHandler] maxItemsPerMessageInSlowSync=-1
Tue Feb 25 21:30:24 CST 2014 [TRACE] [SyncSourceLOHandler] notifying listener
Tue Feb 25 21:30:24 CST 2014 [TRACE] [SyncSourceLOHandler] key=1
Tue Feb 25 21:30:24 CST 2014 [TRACE] [SyncSourceLOHandler] chunk number = 0
Tue Feb 25 21:30:24 CST 2014 [TRACE] [SyncSourceLOHandler] has more data = false
Tue Feb 25 21:30:24 CST 2014 [TRACE] [SyncSourceLOHandler] getNextItemHelper
Tue Feb 25 21:30:24 CST 2014 [TRACE] [ItemReader] read
Tue Feb 25 21:30:24 CST 2014 [TRACE] [ItemReader] reading 50
Tue Feb 25 21:30:24 CST 2014 [TRACE] [ItemReader] actually read 50
Tue Feb 25 21:30:24 CST 2014 [INFO] [SyncSourceLOHandler] The encoding method is [none]
Tue Feb 25 21:30:24 CST 2014 [TRACE] [SyncSourceLOHandler] objsize: 50 chunk: 0 moredata: false
Tue Feb 25 21:30:24 CST 2014 [DEBUG] [SyncSourceLOHandler] EncodedDataSize: 50
Tue Feb 25 21:30:24 CST 2014 [TRACE] [SyncSourceLOHandler] notifying listener
Tue Feb 25 21:30:24 CST 2014 [TRACE] [SyncSourceLOHandler] key=2
Tue Feb 25 21:30:24 CST 2014 [TRACE] [SyncSourceLOHandler] chunk number = 0
Tue Feb 25 21:30:24 CST 2014 [TRACE] [SyncSourceLOHandler] has more data = false
Tue Feb 25 21:30:24 CST 2014 [TRACE] [SyncSourceLOHandler] getNextItemHelper
Tue Feb 25 21:30:24 CST 2014 [INFO] [SyncSourceLOHandler] Item 1 was sent in suspended sync and no longer exists. Send a delete
Tue Feb 25 21:30:24 CST 2014 [INFO] [SyncSourceLOHandler] Item 0 was sent in suspended sync and no longer exists. Send a delete
Tue Feb 25 21:30:24 CST 2014 [TRACE] [SyncSourceLOHandler] getNextItemHelper
Tue Feb 25 21:30:24 CST 2014 [TRACE] [ItemReader] read
Tue Feb 25 21:30:24 CST 2014 [TRACE] [ItemReader] reading 50
Tue Feb 25 21:30:24 CST 2014 [TRACE] [ItemReader] actually read 50
Tue Feb 25 21:30:24 CST 2014 [INFO] [SyncSourceLOHandler] The encoding method is [none]
Tue Feb 25 21:30:24 CST 2014 [TRACE] [SyncSourceLOHandler] objsize: 50 chunk: 0 moredata: false
Tue Feb 25 21:30:24 CST 2014 [DEBUG] [SyncSourceLOHandler] EncodedDataSize: 50
Tue Feb 25 21:30:24 CST 2014 [TRACE] [SyncSourceLOHandler] maxItemsPerMessageInSlowSync=-1
Tue Feb 25 21:30:24 CST 2014 [TRACE] [SyncSourceLOHandler] notifying listener
Tue Feb 25 21:30:24 CST 2014 [TRACE] [SyncSourceLOHandler] key=2
Tue Feb 25 21:30:24 CST 2014 [TRACE] [SyncSourceLOHandler] chunk number = 0
Tue Feb 25 21:30:24 CST 2014 [TRACE] [SyncSourceLOHandler] has more data = false
Tue Feb 25 21:30:24 CST 2014 [TRACE] [SyncSourceLOHandler] getNextItemHelper
Tue Feb 25 21:30:24 CST 2014 [INFO] [SyncSourceLOHandler] Item 0 was sent in suspended sync and no longer exists. Send a delete
Tue Feb 25 21:30:24 CST 2014 [TRACE] [SyncSourceLOHandler] getNextItemHelper
Tue Feb 25 21:30:24 CST 2014 [TRACE] [ItemReader] read
Tue Feb 25 21:30:24 CST 2014 [TRACE] [ItemReader] reading 50
Tue Feb 25 21:30:24 CST 2014 [TRACE] [ItemReader] actually read 50
Tue Feb 25 21:30:24 CST 2014 [INFO] [SyncSourceLOHandler] The encoding method is [none]
Tue Feb 25 21:30:24 CST 2014 [TRACE] [SyncSourceLOHandler] objsize: 50 chunk: 0 moredata: false
Tue Feb 25 21:30:24 CST 2014 [DEBUG] [SyncSourceLOHandler] EncodedDataSize: 50
Tue Feb 25 21:30:24 CST 2014 [TRACE] [SyncSourceLOHandler] maxItemsPerMessageInSlowSync=-1
Tue Feb 25 21:30:24 CST 2014 [TRACE] [SyncSourceLOHandler] notifying listener
Tue Feb 25 21:30:24 CST 2014 [TRACE] [SyncSourceLOHandler] key=1
Tue Feb 25 21:30:24 CST 2014 [TRACE] [SyncSourceLOHandler] chunk number = 0
Tue Feb 25 21:30:24 CST 2014 [TRACE] [SyncSourceLOHandler] has more data = false
Tue Feb 25 21:30:24 CST 2014 [TRACE] [SyncSourceLOHandler] getNextItemHelper
Tue Feb 25 21:30:24 CST 2014 [TRACE] [ItemReader] read
Tue Feb 25 21:30:24 CST 2014 [TRACE] [ItemReader] reading 50
Tue Feb 25 21:30:24 CST 2014 [TRACE] [ItemReader] actually read 50
Tue Feb 25 21:30:24 CST 2014 [INFO] [SyncSourceLOHandler] The encoding method is [none]
Tue Feb 25 21:30:24 CST 2014 [TRACE] [SyncSourceLOHandler] objsize: 50 chunk: 0 moredata: false
Tue Feb 25 21:30:24 CST 2014 [DEBUG] [SyncSourceLOHandler] EncodedDataSize: 50
Tue Feb 25 21:30:24 CST 2014 [TRACE] [SyncSourceLOHandler] notifying listener
Tue Feb 25 21:30:24 CST 2014 [TRACE] [SyncSourceLOHandler] key=2
Tue Feb 25 21:30:24 CST 2014 [TRACE] [SyncSourceLOHandler] chunk number = 0
Tue Feb 25 21:30:24 CST 2014 [TRACE] [SyncSourceLOHandler] has more data = false
Tue Feb 25 21:30:24 CST 2014 [TRACE] [SyncSourceLOHandler] getNextItemHelper
Tue Feb 25 21:30:24 CST 2014 [TRACE] [SyncSourceLOHandler] getAddCommand
Tue Feb 25 21:30:24 CST 2014 [INFO] [SyncSourceLOHandler] Cancelling sync for source [Test]
Tue Feb 25 21:30:24 CST 2014 [TRACE] [SyncSourceLOHandler] getAddCommand
Tue Feb 25 21:30:24 CST 2014 [TRACE] [SyncSourceLOHandler] getNextItemHelper
Tue Feb 25 21:30:24 CST 2014 [TRACE] [ItemReader] read
Tue Feb 25 21:30:24 CST 2014 [TRACE] [ItemReader] reading 10
Tue Feb 25 21:30:24 CST 2014 [TRACE] [ItemReader] actually read 10
Tue Feb 25 21:30:24 CST 2014 [INFO] [SyncSourceLOHandler] The encoding method is [none]
Tue Feb 25 21:30:24 CST 2014 [TRACE] [SyncSourceLOHandler] objsize: 10 chunk: 0 moredata: false
Tue Feb 25 21:30:24 CST 2014 [DEBUG] [SyncSourceLOHandler] EncodedDataSize: 10
Tue Feb 25 21:30:24 CST 2014 [TRACE] [SyncSourceLOHandler] notifying listener
Tue Feb 25 21:30:24 CST 2014 [TRACE] [SyncSourceLOHandler] key=0
Tue Feb 25 21:30:24 CST 2014 [TRACE] [SyncSourceLOHandler] chunk number = 0
Tue Feb 25 21:30:24 CST 2014 [TRACE] [SyncSourceLOHandler] has more data = false
Tue Feb 25 21:30:24 CST 2014 [TRACE] [SyncSourceLOHandler] getNextItemHelper
Tue Feb 25 21:30:24 CST 2014 [TRACE] [ItemReader] read
Tue Feb 25 21:30:24 CST 2014 [TRACE] [ItemReader] reading 10
Tue Feb 25 21:30:24 CST 2014 [TRACE] [ItemReader] actually read 10
Tue Feb 25 21:30:24 CST 2014 [INFO] [SyncSourceLOHandler] The encoding method is [none]
Tue Feb 25 21:30:24 CST 2014 [TRACE] [SyncSourceLOHandler] objsize: 10 chunk: 0 moredata: false
Tue Feb 25 21:30:24 CST 2014 [DEBUG] [SyncSourceLOHandler] EncodedDataSize: 10
Tue Feb 25 21:30:24 CST 2014 [TRACE] [SyncSourceLOHandler] notifying listener
Tue Feb 25 21:30:24 CST 2014 [TRACE] [SyncSourceLOHandler] key=1
Tue Feb 25 21:30:24 CST 2014 [TRACE] [SyncSourceLOHandler] chunk number = 0
Tue Feb 25 21:30:24 CST 2014 [TRACE] [SyncSourceLOHandler] has more data = false
Tue Feb 25 21:30:24 CST 2014 [TRACE] [SyncSourceLOHandler] getNextItemHelper
Tue Feb 25 21:30:24 CST 2014 [TRACE] [SyncSourceLOHandler] getAddCommand
Tue Feb 25 21:30:24 CST 2014 [INFO] [SyncSourceLOHandler] Cancelling sync for source [Test]
Tue Feb 25 21:30:24 CST 2014 [TRACE] [SyncSourceLOHandler] getReplaceCommand
Tue Feb 25 21:30:24 CST 2014 [INFO] [SyncSourceLOHandler] Cancelling sync for source [Test]
Tue Feb 25 21:30:24 CST 2014 [TRACE] [SyncSourceLOHandler] getReplaceCommand
Tue Feb 25 21:30:24 CST 2014 [TRACE] [SyncSourceLOHandler] getNextItemHelper
Tue Feb 25 21:30:24 CST 2014 [TRACE] [ItemReader] read
Tue Feb 25 21:30:24 CST 2014 [TRACE] [ItemReader] reading 10
Tue Feb 25 21:30:24 CST 2014 [TRACE] [ItemReader] actually read 10
Tue Feb 25 21:30:24 CST 2014 [INFO] [SyncSourceLOHandler] The encoding method is [none]
Tue Feb 25 21:30:24 CST 2014 [TRACE] [SyncSourceLOHandler] objsize: 10 chunk: 0 moredata: false
Tue Feb 25 21:30:24 CST 2014 [DEBUG] [SyncSourceLOHandler] EncodedDataSize: 10
Tue Feb 25 21:30:24 CST 2014 [TRACE] [SyncSourceLOHandler] notifying listener
Tue Feb 25 21:30:24 CST 2014 [TRACE] [SyncSourceLOHandler] key=0
Tue Feb 25 21:30:24 CST 2014 [TRACE] [SyncSourceLOHandler] chunk number = 0
Tue Feb 25 21:30:24 CST 2014 [TRACE] [SyncSourceLOHandler] has more data = false
Tue Feb 25 21:30:24 CST 2014 [TRACE] [SyncSourceLOHandler] getNextItemHelper
Tue Feb 25 21:30:24 CST 2014 [TRACE] [ItemReader] read
Tue Feb 25 21:30:24 CST 2014 [TRACE] [ItemReader] reading 10
Tue Feb 25 21:30:24 CST 2014 [TRACE] [ItemReader] actually read 10
Tue Feb 25 21:30:24 CST 2014 [INFO] [SyncSourceLOHandler] The encoding method is [none]
Tue Feb 25 21:30:24 CST 2014 [TRACE] [SyncSourceLOHandler] objsize: 10 chunk: 0 moredata: false
Tue Feb 25 21:30:24 CST 2014 [DEBUG] [SyncSourceLOHandler] EncodedDataSize: 10
Tue Feb 25 21:30:24 CST 2014 [TRACE] [SyncSourceLOHandler] notifying listener
Tue Feb 25 21:30:24 CST 2014 [TRACE] [SyncSourceLOHandler] key=1
Tue Feb 25 21:30:24 CST 2014 [TRACE] [SyncSourceLOHandler] chunk number = 0
Tue Feb 25 21:30:24 CST 2014 [TRACE] [SyncSourceLOHandler] has more data = false
Tue Feb 25 21:30:24 CST 2014 [TRACE] [SyncSourceLOHandler] getNextItemHelper
Tue Feb 25 21:30:24 CST 2014 [TRACE] [SyncSourceLOHandler] getReplaceCommand
Tue Feb 25 21:30:24 CST 2014 [INFO] [SyncSourceLOHandler] Cancelling sync for source [Test]
Tue Feb 25 21:30:24 CST 2014 [TRACE] [SyncSourceLOHandler] getDeleteCommand]
Tue Feb 25 21:30:24 CST 2014 [INFO] [SyncSourceLOHandler] Cancelling sync for source [Test]
Tue Feb 25 21:30:24 CST 2014 [TRACE] [SyncSourceLOHandler] getDeleteCommand]
Tue Feb 25 21:30:24 CST 2014 [TRACE] [SyncSourceLOHandler] getDeleteCommand]
Tue Feb 25 21:30:24 CST 2014 [INFO] [SyncSourceLOHandler] Cancelling sync for source [Test]
Tue Feb 25 21:30:24 CST 2014 [INFO] [SyncSourceLOHandler] Cancelling sync for source [Test]
Tue Feb 25 21:30:24 CST 2014 [TRACE] [SyncSourceLOHandler] getNextItemHelper
Tue Feb 25 21:30:24 CST 2014 [TRACE] [ItemReader] read
Tue Feb 25 21:30:24 CST 2014 [TRACE] [ItemReader] reading 10
Tue Feb 25 21:30:24 CST 2014 [TRACE] [ItemReader] actually read 10
Tue Feb 25 21:30:24 CST 2014 [INFO] [SyncSourceLOHandler] The encoding method is [none]
Tue Feb 25 21:30:24 CST 2014 [TRACE] [SyncSourceLOHandler] objsize: 10 chunk: 0 moredata: false
Tue Feb 25 21:30:24 CST 2014 [DEBUG] [SyncSourceLOHandler] EncodedDataSize: 10
Tue Feb 25 21:30:24 CST 2014 [TRACE] [SyncSourceLOHandler] maxItemsPerMessageInSlowSync=-1
Tue Feb 25 21:30:24 CST 2014 [TRACE] [SyncSourceLOHandler] notifying listener
Tue Feb 25 21:30:24 CST 2014 [TRACE] [SyncSourceLOHandler] key=0
Tue Feb 25 21:30:24 CST 2014 [TRACE] [SyncSourceLOHandler] chunk number = 0
Tue Feb 25 21:30:24 CST 2014 [TRACE] [SyncSourceLOHandler] has more data = false
Tue Feb 25 21:30:24 CST 2014 [TRACE] [SyncSourceLOHandler] getNextItemHelper
Tue Feb 25 21:30:24 CST 2014 [TRACE] [ItemReader] read
Tue Feb 25 21:30:24 CST 2014 [TRACE] [ItemReader] reading 10
Tue Feb 25 21:30:24 CST 2014 [TRACE] [ItemReader] actually read 10
Tue Feb 25 21:30:24 CST 2014 [INFO] [SyncSourceLOHandler] The encoding method is [none]
Tue Feb 25 21:30:24 CST 2014 [TRACE] [SyncSourceLOHandler] objsize: 10 chunk: 0 moredata: false
Tue Feb 25 21:30:24 CST 2014 [DEBUG] [SyncSourceLOHandler] EncodedDataSize: 10
Tue Feb 25 21:30:24 CST 2014 [TRACE] [SyncSourceLOHandler] notifying listener
Tue Feb 25 21:30:24 CST 2014 [TRACE] [SyncSourceLOHandler] key=1
Tue Feb 25 21:30:24 CST 2014 [TRACE] [SyncSourceLOHandler] chunk number = 0
Tue Feb 25 21:30:24 CST 2014 [TRACE] [SyncSourceLOHandler] has more data = false
Tue Feb 25 21:30:24 CST 2014 [TRACE] [SyncSourceLOHandler] getNextItemHelper
Tue Feb 25 21:30:24 CST 2014 [INFO] [SyncSourceLOHandler] Cancelling sync for source [Test]
Tue Feb 25 21:30:24 CST 2014 [TRACE] [SyncSourceLOHandler] getNextItemHelper
Tue Feb 25 21:30:24 CST 2014 [TRACE] [ItemReader] read
Tue Feb 25 21:30:24 CST 2014 [TRACE] [ItemReader] reading 32
Tue Feb 25 21:30:24 CST 2014 [TRACE] [ItemReader] actually read 32
Tue Feb 25 21:30:24 CST 2014 [INFO] [SyncSourceLOHandler] The encoding method is [none]
Tue Feb 25 21:30:24 CST 2014 [TRACE] [SyncSourceLOHandler] objsize: 32 chunk: 0 moredata: false
Tue Feb 25 21:30:24 CST 2014 [DEBUG] [SyncSourceLOHandler] EncodedDataSize: 32
Tue Feb 25 21:30:24 CST 2014 [TRACE] [SyncSourceLOHandler] maxItemsPerMessageInSlowSync=1
Tue Feb 25 21:30:24 CST 2014 [TRACE] [SyncSourceLOHandler] notifying listener
Tue Feb 25 21:30:24 CST 2014 [TRACE] [SyncSourceLOHandler] key=0
Tue Feb 25 21:30:24 CST 2014 [TRACE] [SyncSourceLOHandler] chunk number = 0
Tue Feb 25 21:30:24 CST 2014 [TRACE] [SyncSourceLOHandler] has more data = false
Tue Feb 25 21:30:24 CST 2014 [TRACE] [SyncSourceLOHandler] getNextItemHelper
Tue Feb 25 21:30:24 CST 2014 [TRACE] [ItemReader] read
Tue Feb 25 21:30:24 CST 2014 [TRACE] [ItemReader] reading 16
Tue Feb 25 21:30:24 CST 2014 [TRACE] [ItemReader] actually read 16
Tue Feb 25 21:30:24 CST 2014 [INFO] [SyncSourceLOHandler] Reached max number of items per message in slow sync
Tue Feb 25 21:30:24 CST 2014 [INFO] [SyncSourceLOHandler] The encoding method is [none]
Tue Feb 25 21:30:24 CST 2014 [TRACE] [SyncSourceLOHandler] objsize: 16 chunk: 0 moredata: false
Tue Feb 25 21:30:24 CST 2014 [DEBUG] [SyncSourceLOHandler] EncodedDataSize: 16
Tue Feb 25 21:30:24 CST 2014 [TRACE] [SyncSourceLOHandler] maxItemsPerMessageInSlowSync=1
Tue Feb 25 21:30:24 CST 2014 [TRACE] [SyncSourceLOHandler] notifying listener
Tue Feb 25 21:30:24 CST 2014 [TRACE] [SyncSourceLOHandler] key=1
Tue Feb 25 21:30:24 CST 2014 [TRACE] [SyncSourceLOHandler] chunk number = 0
Tue Feb 25 21:30:24 CST 2014 [TRACE] [SyncSourceLOHandler] has more data = false
Tue Feb 25 21:30:24 CST 2014 [TRACE] [SyncSourceLOHandler] getNextItemHelper
Tue Feb 25 21:30:24 CST 2014 [TRACE] [ItemReader] read
Tue Feb 25 21:30:24 CST 2014 [TRACE] [ItemReader] reading 16
Tue Feb 25 21:30:24 CST 2014 [TRACE] [ItemReader] actually read 16
Tue Feb 25 21:30:24 CST 2014 [INFO] [SyncSourceLOHandler] Reached max number of items per message in slow sync
Tue Feb 25 21:30:24 CST 2014 [INFO] [SyncSourceLOHandler] The encoding method is [none]
Tue Feb 25 21:30:24 CST 2014 [TRACE] [SyncSourceLOHandler] objsize: 16 chunk: 0 moredata: false
Tue Feb 25 21:30:24 CST 2014 [DEBUG] [SyncSourceLOHandler] EncodedDataSize: 16
Tue Feb 25 21:30:24 CST 2014 [TRACE] [SyncSourceLOHandler] maxItemsPerMessageInSlowSync=1
Tue Feb 25 21:30:24 CST 2014 [TRACE] [SyncSourceLOHandler] notifying listener
Tue Feb 25 21:30:24 CST 2014 [TRACE] [SyncSourceLOHandler] key=2
Tue Feb 25 21:30:24 CST 2014 [TRACE] [SyncSourceLOHandler] chunk number = 0
Tue Feb 25 21:30:24 CST 2014 [TRACE] [SyncSourceLOHandler] has more data = false
Tue Feb 25 21:30:24 CST 2014 [TRACE] [SyncSourceLOHandler] getNextItemHelper
Tue Feb 25 21:30:24 CST 2014 [TRACE] [SyncSourceLOHandler] getNextItemHelper
Tue Feb 25 21:30:24 CST 2014 [TRACE] [ItemReader] read
Tue Feb 25 21:30:24 CST 2014 [TRACE] [ItemReader] reading 32
Tue Feb 25 21:30:24 CST 2014 [TRACE] [ItemReader] actually read 32
Tue Feb 25 21:30:24 CST 2014 [INFO] [SyncSourceLOHandler] The encoding method is [none]
Tue Feb 25 21:30:24 CST 2014 [TRACE] [SyncSourceLOHandler] objsize: 32 chunk: 0 moredata: false
Tue Feb 25 21:30:24 CST 2014 [DEBUG] [SyncSourceLOHandler] EncodedDataSize: 32
Tue Feb 25 21:30:24 CST 2014 [TRACE] [SyncSourceLOHandler] maxItemsPerMessageInSlowSync=2
Tue Feb 25 21:30:24 CST 2014 [TRACE] [SyncSourceLOHandler] notifying listener
Tue Feb 25 21:30:24 CST 2014 [TRACE] [SyncSourceLOHandler] key=0
Tue Feb 25 21:30:24 CST 2014 [TRACE] [SyncSourceLOHandler] chunk number = 0
Tue Feb 25 21:30:24 CST 2014 [TRACE] [SyncSourceLOHandler] has more data = false
Tue Feb 25 21:30:24 CST 2014 [TRACE] [SyncSourceLOHandler] getNextItemHelper
Tue Feb 25 21:30:24 CST 2014 [TRACE] [ItemReader] read
Tue Feb 25 21:30:24 CST 2014 [TRACE] [ItemReader] reading 16
Tue Feb 25 21:30:24 CST 2014 [TRACE] [ItemReader] actually read 16
Tue Feb 25 21:30:24 CST 2014 [INFO] [SyncSourceLOHandler] The encoding method is [none]
Tue Feb 25 21:30:24 CST 2014 [TRACE] [SyncSourceLOHandler] objsize: 16 chunk: 0 moredata: false
Tue Feb 25 21:30:24 CST 2014 [DEBUG] [SyncSourceLOHandler] EncodedDataSize: 16
Tue Feb 25 21:30:24 CST 2014 [TRACE] [SyncSourceLOHandler] notifying listener
Tue Feb 25 21:30:24 CST 2014 [TRACE] [SyncSourceLOHandler] key=1
Tue Feb 25 21:30:24 CST 2014 [TRACE] [SyncSourceLOHandler] chunk number = 0
Tue Feb 25 21:30:24 CST 2014 [TRACE] [SyncSourceLOHandler] has more data = false
Tue Feb 25 21:30:24 CST 2014 [TRACE] [SyncSourceLOHandler] getNextItemHelper
Tue Feb 25 21:30:24 CST 2014 [TRACE] [ItemReader] read
Tue Feb 25 21:30:24 CST 2014 [TRACE] [ItemReader] reading 16
Tue Feb 25 21:30:24 CST 2014 [TRACE] [ItemReader] actually read 16
Tue Feb 25 21:30:24 CST 2014 [INFO] [SyncSourceLOHandler] Reached max number of items per message in slow sync
Tue Feb 25 21:30:24 CST 2014 [INFO] [SyncSourceLOHandler] The encoding method is [none]
Tue Feb 25 21:30:24 CST 2014 [TRACE] [SyncSourceLOHandler] objsize: 16 chunk: 0 moredata: false
Tue Feb 25 21:30:24 CST 2014 [DEBUG] [SyncSourceLOHandler] EncodedDataSize: 16
Tue Feb 25 21:30:24 CST 2014 [TRACE] [SyncSourceLOHandler] maxItemsPerMessageInSlowSync=2
Tue Feb 25 21:30:24 CST 2014 [TRACE] [SyncSourceLOHandler] notifying listener
Tue Feb 25 21:30:24 CST 2014 [TRACE] [SyncSourceLOHandler] key=2
Tue Feb 25 21:30:24 CST 2014 [TRACE] [SyncSourceLOHandler] chunk number = 0
Tue Feb 25 21:30:24 CST 2014 [TRACE] [SyncSourceLOHandler] has more data = false
Tue Feb 25 21:30:24 CST 2014 [TRACE] [SyncSourceLOHandler] getNextItemHelper
Tue Feb 25 21:30:24 CST 2014 [TRACE] [SyncSourceLOHandler] getNextItemHelper
Tue Feb 25 21:30:24 CST 2014 [TRACE] [ItemReader] read
Tue Feb 25 21:30:24 CST 2014 [TRACE] [ItemReader] reading 32
Tue Feb 25 21:30:24 CST 2014 [TRACE] [ItemReader] actually read 32
Tue Feb 25 21:30:24 CST 2014 [INFO] [SyncSourceLOHandler] The encoding method is [none]
Tue Feb 25 21:30:24 CST 2014 [TRACE] [SyncSourceLOHandler] objsize: 32 chunk: 0 moredata: false
Tue Feb 25 21:30:24 CST 2014 [DEBUG] [SyncSourceLOHandler] EncodedDataSize: 32
Tue Feb 25 21:30:24 CST 2014 [TRACE] [SyncSourceLOHandler] maxItemsPerMessageInSlowSync=3
Tue Feb 25 21:30:24 CST 2014 [TRACE] [SyncSourceLOHandler] notifying listener
Tue Feb 25 21:30:24 CST 2014 [TRACE] [SyncSourceLOHandler] key=0
Tue Feb 25 21:30:24 CST 2014 [TRACE] [SyncSourceLOHandler] chunk number = 0
Tue Feb 25 21:30:24 CST 2014 [TRACE] [SyncSourceLOHandler] has more data = false
Tue Feb 25 21:30:24 CST 2014 [TRACE] [SyncSourceLOHandler] getNextItemHelper
Tue Feb 25 21:30:24 CST 2014 [TRACE] [ItemReader] read
Tue Feb 25 21:30:24 CST 2014 [TRACE] [ItemReader] reading 16
Tue Feb 25 21:30:24 CST 2014 [TRACE] [ItemReader] actually read 16
Tue Feb 25 21:30:24 CST 2014 [INFO] [SyncSourceLOHandler] The encoding method is [none]
Tue Feb 25 21:30:24 CST 2014 [TRACE] [SyncSourceLOHandler] objsize: 16 chunk: 0 moredata: false
Tue Feb 25 21:30:24 CST 2014 [DEBUG] [SyncSourceLOHandler] EncodedDataSize: 16
Tue Feb 25 21:30:24 CST 2014 [TRACE] [SyncSourceLOHandler] notifying listener
Tue Feb 25 21:30:24 CST 2014 [TRACE] [SyncSourceLOHandler] key=1
Tue Feb 25 21:30:24 CST 2014 [TRACE] [SyncSourceLOHandler] chunk number = 0
Tue Feb 25 21:30:24 CST 2014 [TRACE] [SyncSourceLOHandler] has more data = false
Tue Feb 25 21:30:24 CST 2014 [TRACE] [SyncSourceLOHandler] getNextItemHelper
Tue Feb 25 21:30:24 CST 2014 [TRACE] [ItemReader] read
Tue Feb 25 21:30:24 CST 2014 [TRACE] [ItemReader] reading 16
Tue Feb 25 21:30:24 CST 2014 [TRACE] [ItemReader] actually read 16
Tue Feb 25 21:30:24 CST 2014 [INFO] [SyncSourceLOHandler] The encoding method is [none]
Tue Feb 25 21:30:24 CST 2014 [TRACE] [SyncSourceLOHandler] objsize: 16 chunk: 0 moredata: false
Tue Feb 25 21:30:24 CST 2014 [DEBUG] [SyncSourceLOHandler] EncodedDataSize: 16
Tue Feb 25 21:30:24 CST 2014 [TRACE] [SyncSourceLOHandler] notifying listener
Tue Feb 25 21:30:24 CST 2014 [TRACE] [SyncSourceLOHandler] key=2
Tue Feb 25 21:30:24 CST 2014 [TRACE] [SyncSourceLOHandler] chunk number = 0
Tue Feb 25 21:30:24 CST 2014 [TRACE] [SyncSourceLOHandler] has more data = false
Tue Feb 25 21:30:24 CST 2014 [TRACE] [SyncSourceLOHandler] getNextItemHelper
]]></system-out>
  <system-err><![CDATA[]]></system-err>
</testsuite>
